2022-01-03 07:56:32 CarinaListener [INFO] 
============= Test configuration =============
url=https://www.gsmarena.com
env=DEMO
max_driver_count=3
proxy_protocols=http,https,ftp
browsermob_port=0
auto_screenshot=true
explicit_timeout=20
retry_interval=5
project_report_directory=./reports
max_screen_history=10
big_screen_width=-1
big_screen_height=-1
init_retry_count=0
init_retry_interval=1
retry_count=0
locale=en_US
thread_count=-1
data_provider_thread_count=-1
core_log_level=INFO
core_log_packages=com.qaprosoft.carina.core
log_all_json=true
date_format=HH:mm:ss yyyy-MM-dd
time_format=HH:mm:ss
test_naming_pattern={method_name}
element_loading_strategy=BY_PRESENCE_OR_VISIBILITY
page_opening_strategy=BY_URL_AND_ELEMENT
localization_encoding=UTF-8
localization_testing=false
default_device_timezone=GMT
default_device_time_format=24
default_device_language=en_US
selenium_url=

------------- Driver capabilities -----------
capabilities.browserName=CHROME
================================================

2022-01-03 07:56:32 TestRunRegistrar [WARN] Reporting disabled: using no op test run registrar
2022-01-03 07:56:33 Reflections [INFO] Reflections took 872 ms to scan 8 urls, producing 2329 keys and 11332 values 
2022-01-03 07:56:33 FilterTestsListener [INFO] There are no any rules and limitations
2022-01-03 07:56:33 CarinaListener [INFO] Set thread-count=1
2022-01-03 07:56:33 CarinaListener [INFO] Set data-provider-thread-count=1
2022-01-03 07:56:33 CarinaListener [INFO] CARINA_CORE_VERSION: 7.2.13
2022-01-03 07:56:52 TestRunRegistrar [WARN] Reporting disabled: using no op test run registrar
2022-01-03 07:56:52 TestRunRegistrar [WARN] Reporting disabled: using no op test run registrar
2022-01-03 07:56:52 TestRunRegistrar [WARN] Reporting disabled: using no op test run registrar
2022-01-03 07:56:52 Messager [INFO] TEST [GSMArena - verifyEmptyNicknameIsNotAllowed [L01]] STARTED at [07:56:52 2022-01-03]
2022-01-03 07:56:52 Messager [INFO] INFO: opening url 'https://www.gsmarena.com'
2022-01-03 07:57:07 Messager [INFO] TEST [GSMArena - verifyEmptyNicknameIsNotAllowed [L01]] PASSED at [07:57:07 2022-01-03]
2022-01-03 07:57:07 TestRunRegistrar [WARN] Reporting disabled: using no op test run registrar
2022-01-03 07:57:07 Messager [INFO] TEST [GSMArena - verifyEmptyNicknameIsNotAllowed [L02]] STARTED at [07:57:07 2022-01-03]
2022-01-03 07:57:07 Messager [INFO] INFO: opening url 'https://www.gsmarena.com'
2022-01-03 07:57:18 Messager [INFO] TEST [GSMArena - verifyEmptyNicknameIsNotAllowed [L02]] PASSED at [07:57:18 2022-01-03]
2022-01-03 07:57:18 Messager [INFO] INFO: '**************** Test execution summary ****************'.
2022-01-03 07:57:18 Messager [INFO] RESULT #1: TEST [GSMArena - verifyEmptyNicknameIsNotAllowed [L01]] PASS [log=file:///Users/solvd/Desktop/Proyectos/GSMArena/./reports/1641207392054/766ed025-21a9-4c9c-a2cf-dc69d6a0e9fc/test.log]
2022-01-03 07:57:18 Messager [INFO] RESULT #2: TEST [GSMArena - verifyEmptyNicknameIsNotAllowed [L02]] PASS [log=file:///Users/solvd/Desktop/Proyectos/GSMArena/./reports/1641207392054/d8f49f38-b4fb-459c-a176-322d2f29c1a3/test.log]
2022-01-03 08:05:29 CarinaListener [INFO] 
============= Test configuration =============
url=https://www.gsmarena.com
env=DEMO
max_driver_count=3
proxy_protocols=http,https,ftp
browsermob_port=0
auto_screenshot=true
explicit_timeout=20
retry_interval=5
project_report_directory=./reports
max_screen_history=10
big_screen_width=-1
big_screen_height=-1
init_retry_count=0
init_retry_interval=1
retry_count=0
locale=en_US
thread_count=-1
data_provider_thread_count=-1
core_log_level=INFO
core_log_packages=com.qaprosoft.carina.core
log_all_json=true
date_format=HH:mm:ss yyyy-MM-dd
time_format=HH:mm:ss
test_naming_pattern={method_name}
element_loading_strategy=BY_PRESENCE_OR_VISIBILITY
page_opening_strategy=BY_URL_AND_ELEMENT
localization_encoding=UTF-8
localization_testing=false
default_device_timezone=GMT
default_device_time_format=24
default_device_language=en_US
selenium_url=

------------- Driver capabilities -----------
capabilities.browserName=CHROME
================================================

2022-01-03 08:05:29 TestRunRegistrar [WARN] Reporting disabled: using no op test run registrar
2022-01-03 08:05:30 Reflections [INFO] Reflections took 794 ms to scan 8 urls, producing 2329 keys and 11332 values 
2022-01-03 08:05:30 FilterTestsListener [INFO] There are no any rules and limitations
2022-01-03 08:05:30 CarinaListener [INFO] Set thread-count=1
2022-01-03 08:05:30 CarinaListener [INFO] Set data-provider-thread-count=1
2022-01-03 08:05:30 CarinaListener [INFO] CARINA_CORE_VERSION: 7.2.13
2022-01-03 08:05:52 TestRunRegistrar [WARN] Reporting disabled: using no op test run registrar
2022-01-03 08:05:52 TestRunRegistrar [WARN] Reporting disabled: using no op test run registrar
2022-01-03 08:05:52 TestRunRegistrar [WARN] Reporting disabled: using no op test run registrar
2022-01-03 08:05:52 Messager [INFO] TEST [GSMArena - verifyEmptyNicknameIsNotAllowed [L01]] STARTED at [08:05:52 2022-01-03]
2022-01-03 08:05:52 Messager [INFO] INFO: opening url 'https://www.gsmarena.com'
2022-01-03 08:06:09 ExtendedWebElement [WARN] Trying to do click by JavascriptExecutor because element 'submitButton (By.xpath: //*[@id="nick-submit"])' is not visible...
2022-01-03 08:06:09 Messager [ERROR] TEST [GSMArena - verifyEmptyNicknameIsNotAllowed [L01]] FAILED at [08:06:09 2022-01-03] - FATAL!, Not same expected [The operation failed.] but found [Why register]

org.testng.Assert.fail(Assert.java:99)
org.testng.Assert.failNotEquals(Assert.java:1037)
org.testng.Assert.assertEqualsImpl(Assert.java:140)
org.testng.Assert.assertEquals(Assert.java:122)
org.testng.Assert.assertEquals(Assert.java:629)
com.solvd.gsmarena.tests.GSMArenaTests.verifyEmptyNicknameIsNotAllowed(GSMArenaTests.java:53)
java.base/jdk.internal.reflect.NativeMethodAccessorImpl.invoke0(Native Method)
java.base/jdk.internal.reflect.NativeMethodAccessorImpl.invoke(NativeMethodAccessorImpl.java:62)
java.base/jdk.internal.reflect.DelegatingMethodAccessorImpl.invoke(DelegatingMethodAccessorImpl.java:43)
java.base/java.lang.reflect.Method.invoke(Method.java:566)
org.testng.internal.MethodInvocationHelper.invokeMethod(MethodInvocationHelper.java:133)
org.testng.internal.TestInvoker.invokeMethod(TestInvoker.java:598)
org.testng.internal.TestInvoker.invokeTestMethod(TestInvoker.java:173)
org.testng.internal.MethodRunner.runInSequence(MethodRunner.java:46)
org.testng.internal.TestInvoker$MethodInvocationAgent.invoke(TestInvoker.java:824)
org.testng.internal.TestInvoker.invokeTestMethods(TestInvoker.java:146)
org.testng.internal.TestMethodWorker.invokeTestMethods(TestMethodWorker.java:146)
org.testng.internal.TestMethodWorker.run(TestMethodWorker.java:128)
java.base/java.util.ArrayList.forEach(ArrayList.java:1541)
org.testng.TestRunner.privateRun(TestRunner.java:794)
org.testng.TestRunner.run(TestRunner.java:596)
org.testng.SuiteRunner.runTest(SuiteRunner.java:377)
org.testng.SuiteRunner.runSequentially(SuiteRunner.java:371)
org.testng.SuiteRunner.privateRun(SuiteRunner.java:332)
org.testng.SuiteRunner.run(SuiteRunner.java:276)
org.testng.SuiteRunnerWorker.runSuite(SuiteRunnerWorker.java:53)
org.testng.SuiteRunnerWorker.run(SuiteRunnerWorker.java:96)
org.testng.TestNG.runSuitesSequentially(TestNG.java:1212)
org.testng.TestNG.runSuitesLocally(TestNG.java:1134)
org.testng.TestNG.runSuites(TestNG.java:1063)
org.testng.TestNG.run(TestNG.java:1031)
com.intellij.rt.testng.IDEARemoteTestNG.run(IDEARemoteTestNG.java:66)
com.intellij.rt.testng.RemoteTestNGStarter.main(RemoteTestNGStarter.java:109)
2022-01-03 08:06:10 TestRunRegistrar [WARN] Reporting disabled: using no op test run registrar
2022-01-03 08:06:10 Messager [INFO] TEST [GSMArena - verifyEmptyNicknameIsNotAllowed [L02]] STARTED at [08:06:10 2022-01-03]
2022-01-03 08:06:10 Messager [INFO] INFO: opening url 'https://www.gsmarena.com'
2022-01-03 08:06:14 ExtendedWebElement [WARN] Trying to do click by JavascriptExecutor because element 'submitButton (By.xpath: //*[@id="nick-submit"])' is not visible...
2022-01-03 08:06:14 Messager [ERROR] TEST [GSMArena - verifyEmptyNicknameIsNotAllowed [L02]] FAILED at [08:06:14 2022-01-03] - FATAL!, Not same expected [The operation failed.] but found [Why register]

org.testng.Assert.fail(Assert.java:99)
org.testng.Assert.failNotEquals(Assert.java:1037)
org.testng.Assert.assertEqualsImpl(Assert.java:140)
org.testng.Assert.assertEquals(Assert.java:122)
org.testng.Assert.assertEquals(Assert.java:629)
com.solvd.gsmarena.tests.GSMArenaTests.verifyEmptyNicknameIsNotAllowed(GSMArenaTests.java:53)
java.base/jdk.internal.reflect.NativeMethodAccessorImpl.invoke0(Native Method)
java.base/jdk.internal.reflect.NativeMethodAccessorImpl.invoke(NativeMethodAccessorImpl.java:62)
java.base/jdk.internal.reflect.DelegatingMethodAccessorImpl.invoke(DelegatingMethodAccessorImpl.java:43)
java.base/java.lang.reflect.Method.invoke(Method.java:566)
org.testng.internal.MethodInvocationHelper.invokeMethod(MethodInvocationHelper.java:133)
org.testng.internal.TestInvoker.invokeMethod(TestInvoker.java:598)
org.testng.internal.TestInvoker.invokeTestMethod(TestInvoker.java:173)
org.testng.internal.MethodRunner.runInSequence(MethodRunner.java:46)
org.testng.internal.TestInvoker$MethodInvocationAgent.invoke(TestInvoker.java:824)
org.testng.internal.TestInvoker.invokeTestMethods(TestInvoker.java:146)
org.testng.internal.TestMethodWorker.invokeTestMethods(TestMethodWorker.java:146)
org.testng.internal.TestMethodWorker.run(TestMethodWorker.java:128)
java.base/java.util.ArrayList.forEach(ArrayList.java:1541)
org.testng.TestRunner.privateRun(TestRunner.java:794)
org.testng.TestRunner.run(TestRunner.java:596)
org.testng.SuiteRunner.runTest(SuiteRunner.java:377)
org.testng.SuiteRunner.runSequentially(SuiteRunner.java:371)
org.testng.SuiteRunner.privateRun(SuiteRunner.java:332)
org.testng.SuiteRunner.run(SuiteRunner.java:276)
org.testng.SuiteRunnerWorker.runSuite(SuiteRunnerWorker.java:53)
org.testng.SuiteRunnerWorker.run(SuiteRunnerWorker.java:96)
org.testng.TestNG.runSuitesSequentially(TestNG.java:1212)
org.testng.TestNG.runSuitesLocally(TestNG.java:1134)
org.testng.TestNG.runSuites(TestNG.java:1063)
org.testng.TestNG.run(TestNG.java:1031)
com.intellij.rt.testng.IDEARemoteTestNG.run(IDEARemoteTestNG.java:66)
com.intellij.rt.testng.RemoteTestNGStarter.main(RemoteTestNGStarter.java:109)
2022-01-03 08:06:14 Messager [INFO] INFO: '**************** Test execution summary ****************'.
2022-01-03 08:06:14 Messager [INFO] RESULT #1: TEST [GSMArena - verifyEmptyNicknameIsNotAllowed [L01]] FAIL [log=file:///Users/solvd/Desktop/Proyectos/GSMArena/./reports/1641207929492/1a66179f-ff42-4cda-9bfc-aa0cc295a94c/test.log]
2022-01-03 08:06:14 Messager [INFO] RESULT #2: TEST [GSMArena - verifyEmptyNicknameIsNotAllowed [L02]] FAIL [log=file:///Users/solvd/Desktop/Proyectos/GSMArena/./reports/1641207929492/0a9a834c-b128-449b-a8f9-82a1d24f1c8d/test.log]
2022-01-03 08:06:56 CarinaListener [INFO] 
============= Test configuration =============
url=https://www.gsmarena.com
env=DEMO
max_driver_count=3
proxy_protocols=http,https,ftp
browsermob_port=0
auto_screenshot=true
explicit_timeout=20
retry_interval=5
project_report_directory=./reports
max_screen_history=10
big_screen_width=-1
big_screen_height=-1
init_retry_count=0
init_retry_interval=1
retry_count=0
locale=en_US
thread_count=-1
data_provider_thread_count=-1
core_log_level=INFO
core_log_packages=com.qaprosoft.carina.core
log_all_json=true
date_format=HH:mm:ss yyyy-MM-dd
time_format=HH:mm:ss
test_naming_pattern={method_name}
element_loading_strategy=BY_PRESENCE_OR_VISIBILITY
page_opening_strategy=BY_URL_AND_ELEMENT
localization_encoding=UTF-8
localization_testing=false
default_device_timezone=GMT
default_device_time_format=24
default_device_language=en_US
selenium_url=

------------- Driver capabilities -----------
capabilities.browserName=CHROME
================================================

2022-01-03 08:06:56 TestRunRegistrar [WARN] Reporting disabled: using no op test run registrar
2022-01-03 08:06:57 Reflections [INFO] Reflections took 791 ms to scan 8 urls, producing 2329 keys and 11332 values 
2022-01-03 08:06:58 FilterTestsListener [INFO] There are no any rules and limitations
2022-01-03 08:06:58 CarinaListener [INFO] Set thread-count=1
2022-01-03 08:06:58 CarinaListener [INFO] Set data-provider-thread-count=1
2022-01-03 08:06:58 CarinaListener [INFO] CARINA_CORE_VERSION: 7.2.13
2022-01-03 08:07:21 TestRunRegistrar [WARN] Reporting disabled: using no op test run registrar
2022-01-03 08:07:21 TestRunRegistrar [WARN] Reporting disabled: using no op test run registrar
2022-01-03 08:07:21 TestRunRegistrar [WARN] Reporting disabled: using no op test run registrar
2022-01-03 08:07:21 Messager [INFO] TEST [GSMArena - verifyEmptyNicknameIsNotAllowed [L01]] STARTED at [08:07:21 2022-01-03]
2022-01-03 08:07:21 Messager [INFO] INFO: opening url 'https://www.gsmarena.com'
2022-01-03 08:07:35 ExtendedWebElement [WARN] Trying to do click by JavascriptExecutor because element 'submitButton (By.xpath: //*[@id="nick-submit"])' is not visible...
2022-01-03 08:07:35 Messager [ERROR] TEST [GSMArena - verifyEmptyNicknameIsNotAllowed [L01]] FAILED at [08:07:35 2022-01-03] - FATAL!, Not same expected [The operation failed.] but found [Why register]

org.testng.Assert.fail(Assert.java:99)
org.testng.Assert.failNotEquals(Assert.java:1037)
org.testng.Assert.assertEqualsImpl(Assert.java:140)
org.testng.Assert.assertEquals(Assert.java:122)
org.testng.Assert.assertEquals(Assert.java:629)
com.solvd.gsmarena.tests.GSMArenaTests.verifyEmptyNicknameIsNotAllowed(GSMArenaTests.java:53)
java.base/jdk.internal.reflect.NativeMethodAccessorImpl.invoke0(Native Method)
java.base/jdk.internal.reflect.NativeMethodAccessorImpl.invoke(NativeMethodAccessorImpl.java:62)
java.base/jdk.internal.reflect.DelegatingMethodAccessorImpl.invoke(DelegatingMethodAccessorImpl.java:43)
java.base/java.lang.reflect.Method.invoke(Method.java:566)
org.testng.internal.MethodInvocationHelper.invokeMethod(MethodInvocationHelper.java:133)
org.testng.internal.TestInvoker.invokeMethod(TestInvoker.java:598)
org.testng.internal.TestInvoker.invokeTestMethod(TestInvoker.java:173)
org.testng.internal.MethodRunner.runInSequence(MethodRunner.java:46)
org.testng.internal.TestInvoker$MethodInvocationAgent.invoke(TestInvoker.java:824)
org.testng.internal.TestInvoker.invokeTestMethods(TestInvoker.java:146)
org.testng.internal.TestMethodWorker.invokeTestMethods(TestMethodWorker.java:146)
org.testng.internal.TestMethodWorker.run(TestMethodWorker.java:128)
java.base/java.util.ArrayList.forEach(ArrayList.java:1541)
org.testng.TestRunner.privateRun(TestRunner.java:794)
org.testng.TestRunner.run(TestRunner.java:596)
org.testng.SuiteRunner.runTest(SuiteRunner.java:377)
org.testng.SuiteRunner.runSequentially(SuiteRunner.java:371)
org.testng.SuiteRunner.privateRun(SuiteRunner.java:332)
org.testng.SuiteRunner.run(SuiteRunner.java:276)
org.testng.SuiteRunnerWorker.runSuite(SuiteRunnerWorker.java:53)
org.testng.SuiteRunnerWorker.run(SuiteRunnerWorker.java:96)
org.testng.TestNG.runSuitesSequentially(TestNG.java:1212)
org.testng.TestNG.runSuitesLocally(TestNG.java:1134)
org.testng.TestNG.runSuites(TestNG.java:1063)
org.testng.TestNG.run(TestNG.java:1031)
com.intellij.rt.testng.IDEARemoteTestNG.run(IDEARemoteTestNG.java:66)
com.intellij.rt.testng.RemoteTestNGStarter.main(RemoteTestNGStarter.java:109)
2022-01-03 08:07:36 TestRunRegistrar [WARN] Reporting disabled: using no op test run registrar
2022-01-03 08:07:36 Messager [INFO] TEST [GSMArena - verifyEmptyNicknameIsNotAllowed [L02]] STARTED at [08:07:36 2022-01-03]
2022-01-03 08:07:36 Messager [INFO] INFO: opening url 'https://www.gsmarena.com'
2022-01-03 08:07:42 ExtendedWebElement [WARN] Trying to do click by JavascriptExecutor because element 'submitButton (By.xpath: //*[@id="nick-submit"])' is not visible...
2022-01-03 08:07:42 Messager [ERROR] TEST [GSMArena - verifyEmptyNicknameIsNotAllowed [L02]] FAILED at [08:07:42 2022-01-03] - FATAL!, Not same expected [The operation failed.] but found [Why register]

org.testng.Assert.fail(Assert.java:99)
org.testng.Assert.failNotEquals(Assert.java:1037)
org.testng.Assert.assertEqualsImpl(Assert.java:140)
org.testng.Assert.assertEquals(Assert.java:122)
org.testng.Assert.assertEquals(Assert.java:629)
com.solvd.gsmarena.tests.GSMArenaTests.verifyEmptyNicknameIsNotAllowed(GSMArenaTests.java:53)
java.base/jdk.internal.reflect.NativeMethodAccessorImpl.invoke0(Native Method)
java.base/jdk.internal.reflect.NativeMethodAccessorImpl.invoke(NativeMethodAccessorImpl.java:62)
java.base/jdk.internal.reflect.DelegatingMethodAccessorImpl.invoke(DelegatingMethodAccessorImpl.java:43)
java.base/java.lang.reflect.Method.invoke(Method.java:566)
org.testng.internal.MethodInvocationHelper.invokeMethod(MethodInvocationHelper.java:133)
org.testng.internal.TestInvoker.invokeMethod(TestInvoker.java:598)
org.testng.internal.TestInvoker.invokeTestMethod(TestInvoker.java:173)
org.testng.internal.MethodRunner.runInSequence(MethodRunner.java:46)
org.testng.internal.TestInvoker$MethodInvocationAgent.invoke(TestInvoker.java:824)
org.testng.internal.TestInvoker.invokeTestMethods(TestInvoker.java:146)
org.testng.internal.TestMethodWorker.invokeTestMethods(TestMethodWorker.java:146)
org.testng.internal.TestMethodWorker.run(TestMethodWorker.java:128)
java.base/java.util.ArrayList.forEach(ArrayList.java:1541)
org.testng.TestRunner.privateRun(TestRunner.java:794)
org.testng.TestRunner.run(TestRunner.java:596)
org.testng.SuiteRunner.runTest(SuiteRunner.java:377)
org.testng.SuiteRunner.runSequentially(SuiteRunner.java:371)
org.testng.SuiteRunner.privateRun(SuiteRunner.java:332)
org.testng.SuiteRunner.run(SuiteRunner.java:276)
org.testng.SuiteRunnerWorker.runSuite(SuiteRunnerWorker.java:53)
org.testng.SuiteRunnerWorker.run(SuiteRunnerWorker.java:96)
org.testng.TestNG.runSuitesSequentially(TestNG.java:1212)
org.testng.TestNG.runSuitesLocally(TestNG.java:1134)
org.testng.TestNG.runSuites(TestNG.java:1063)
org.testng.TestNG.run(TestNG.java:1031)
com.intellij.rt.testng.IDEARemoteTestNG.run(IDEARemoteTestNG.java:66)
com.intellij.rt.testng.RemoteTestNGStarter.main(RemoteTestNGStarter.java:109)
2022-01-03 08:07:42 Messager [INFO] INFO: '**************** Test execution summary ****************'.
2022-01-03 08:07:42 Messager [INFO] RESULT #1: TEST [GSMArena - verifyEmptyNicknameIsNotAllowed [L01]] FAIL [log=file:///Users/solvd/Desktop/Proyectos/GSMArena/./reports/1641208016747/285b7197-05d5-4027-862c-1a7667eafb51/test.log]
2022-01-03 08:07:42 Messager [INFO] RESULT #2: TEST [GSMArena - verifyEmptyNicknameIsNotAllowed [L02]] FAIL [log=file:///Users/solvd/Desktop/Proyectos/GSMArena/./reports/1641208016747/abed1f28-0ee4-4725-bdd2-c13daf0f8a8c/test.log]
2022-01-03 08:09:57 CarinaListener [INFO] 
============= Test configuration =============
url=https://www.gsmarena.com
env=DEMO
max_driver_count=3
proxy_protocols=http,https,ftp
browsermob_port=0
auto_screenshot=true
explicit_timeout=20
retry_interval=5
project_report_directory=./reports
max_screen_history=10
big_screen_width=-1
big_screen_height=-1
init_retry_count=0
init_retry_interval=1
retry_count=0
locale=en_US
thread_count=-1
data_provider_thread_count=-1
core_log_level=INFO
core_log_packages=com.qaprosoft.carina.core
log_all_json=true
date_format=HH:mm:ss yyyy-MM-dd
time_format=HH:mm:ss
test_naming_pattern={method_name}
element_loading_strategy=BY_PRESENCE_OR_VISIBILITY
page_opening_strategy=BY_URL_AND_ELEMENT
localization_encoding=UTF-8
localization_testing=false
default_device_timezone=GMT
default_device_time_format=24
default_device_language=en_US
selenium_url=

------------- Driver capabilities -----------
capabilities.browserName=CHROME
================================================

2022-01-03 08:09:57 TestRunRegistrar [WARN] Reporting disabled: using no op test run registrar
2022-01-03 08:09:58 Reflections [INFO] Reflections took 790 ms to scan 8 urls, producing 2329 keys and 11332 values 
2022-01-03 08:09:58 FilterTestsListener [INFO] There are no any rules and limitations
2022-01-03 08:09:58 CarinaListener [INFO] Set thread-count=1
2022-01-03 08:09:58 CarinaListener [INFO] Set data-provider-thread-count=1
2022-01-03 08:09:58 CarinaListener [INFO] CARINA_CORE_VERSION: 7.2.13
2022-01-03 08:10:22 TestRunRegistrar [WARN] Reporting disabled: using no op test run registrar
2022-01-03 08:10:22 TestRunRegistrar [WARN] Reporting disabled: using no op test run registrar
2022-01-03 08:10:22 TestRunRegistrar [WARN] Reporting disabled: using no op test run registrar
2022-01-03 08:10:22 Messager [INFO] TEST [GSMArena - verifyEmptyNicknameIsNotAllowed [L01]] STARTED at [08:10:22 2022-01-03]
2022-01-03 08:10:22 Messager [INFO] INFO: opening url 'https://www.gsmarena.com'
2022-01-03 08:10:32 Messager [ERROR] TEST [GSMArena - verifyEmptyNicknameIsNotAllowed [L01]] FAILED at [08:10:32 2022-01-03] - Expected condition failed: waiting for element to be clickable: [[ChromeDriver: chrome on MAC (a9aaaed49bf1804ea05e2e9ee664c479)] -> xpath: //*[@id="nick-submit"]] (tried for 2 second(s) with 500 milliseconds interval)
Build info: version: '3.141.59', revision: 'e82be7d358', time: '2018-11-14T08:17:03'
System info: host: 'MacBook-Pro-de-solvd.local', ip: 'fe80:0:0:0:18db:4a0b:e767:4575%en0', os.name: 'Mac OS X', os.arch: 'x86_64', os.version: '11.1', java.version: '11.0.12'
Driver info: org.openqa.selenium.chrome.ChromeDriver
Capabilities {acceptInsecureCerts: false, browserName: chrome, browserVersion: 96.0.4664.110, chrome: {chromedriverVersion: 96.0.4664.45 (76e4c1bb2ab46..., userDataDir: /var/folders/9k/xrbh1xhj0mz...}, goog:chromeOptions: {debuggerAddress: localhost:56512}, javascriptEnabled: true, networkConnectionEnabled: false, pageLoadStrategy: normal, platform: MAC, platformName: MAC, proxy: Proxy(), setWindowRect: true, strictFileInteractability: false, timeouts: {implicit: 0, pageLoad: 300000, script: 30000}, unhandledPromptBehavior: dismiss and notify, webauthn:extension:credBlob: true, webauthn:extension:largeBlob: true, webauthn:virtualAuthenticators: true}
Session ID: a9aaaed49bf1804ea05e2e9ee664c479

org.openqa.selenium.support.ui.WebDriverWait.timeoutException(WebDriverWait.java:95)
org.openqa.selenium.support.ui.FluentWait.until(FluentWait.java:272)
com.solvd.gsmarena.SignUpPage.clickSubmitButton(SignUpPage.java:99)
com.solvd.gsmarena.services.ISignUpService.signUpWithEmptyNickname(ISignUpService.java:45)
com.solvd.gsmarena.tests.GSMArenaTests.verifyEmptyNicknameIsNotAllowed(GSMArenaTests.java:52)
java.base/jdk.internal.reflect.NativeMethodAccessorImpl.invoke0(Native Method)
java.base/jdk.internal.reflect.NativeMethodAccessorImpl.invoke(NativeMethodAccessorImpl.java:62)
java.base/jdk.internal.reflect.DelegatingMethodAccessorImpl.invoke(DelegatingMethodAccessorImpl.java:43)
java.base/java.lang.reflect.Method.invoke(Method.java:566)
org.testng.internal.MethodInvocationHelper.invokeMethod(MethodInvocationHelper.java:133)
org.testng.internal.TestInvoker.invokeMethod(TestInvoker.java:598)
org.testng.internal.TestInvoker.invokeTestMethod(TestInvoker.java:173)
org.testng.internal.MethodRunner.runInSequence(MethodRunner.java:46)
org.testng.internal.TestInvoker$MethodInvocationAgent.invoke(TestInvoker.java:824)
org.testng.internal.TestInvoker.invokeTestMethods(TestInvoker.java:146)
org.testng.internal.TestMethodWorker.invokeTestMethods(TestMethodWorker.java:146)
org.testng.internal.TestMethodWorker.run(TestMethodWorker.java:128)
java.base/java.util.ArrayList.forEach(ArrayList.java:1541)
org.testng.TestRunner.privateRun(TestRunner.java:794)
org.testng.TestRunner.run(TestRunner.java:596)
org.testng.SuiteRunner.runTest(SuiteRunner.java:377)
org.testng.SuiteRunner.runSequentially(SuiteRunner.java:371)
org.testng.SuiteRunner.privateRun(SuiteRunner.java:332)
org.testng.SuiteRunner.run(SuiteRunner.java:276)
org.testng.SuiteRunnerWorker.runSuite(SuiteRunnerWorker.java:53)
org.testng.SuiteRunnerWorker.run(SuiteRunnerWorker.java:96)
org.testng.TestNG.runSuitesSequentially(TestNG.java:1212)
org.testng.TestNG.runSuitesLocally(TestNG.java:1134)
org.testng.TestNG.runSuites(TestNG.java:1063)
org.testng.TestNG.run(TestNG.java:1031)
com.intellij.rt.testng.IDEARemoteTestNG.run(IDEARemoteTestNG.java:66)
com.intellij.rt.testng.RemoteTestNGStarter.main(RemoteTestNGStarter.java:109)
2022-01-03 08:10:32 TestRunRegistrar [WARN] Reporting disabled: using no op test run registrar
2022-01-03 08:10:32 Messager [INFO] TEST [GSMArena - verifyEmptyNicknameIsNotAllowed [L02]] STARTED at [08:10:32 2022-01-03]
2022-01-03 08:10:32 Messager [INFO] INFO: opening url 'https://www.gsmarena.com'
2022-01-03 08:10:37 Messager [ERROR] TEST [GSMArena - verifyEmptyNicknameIsNotAllowed [L02]] FAILED at [08:10:37 2022-01-03] - Expected condition failed: waiting for element to be clickable: [[ChromeDriver: chrome on MAC (a9aaaed49bf1804ea05e2e9ee664c479)] -> xpath: //*[@id="nick-submit"]] (tried for 2 second(s) with 500 milliseconds interval)
Build info: version: '3.141.59', revision: 'e82be7d358', time: '2018-11-14T08:17:03'
System info: host: 'MacBook-Pro-de-solvd.local', ip: 'fe80:0:0:0:18db:4a0b:e767:4575%en0', os.name: 'Mac OS X', os.arch: 'x86_64', os.version: '11.1', java.version: '11.0.12'
Driver info: org.openqa.selenium.chrome.ChromeDriver
Capabilities {acceptInsecureCerts: false, browserName: chrome, browserVersion: 96.0.4664.110, chrome: {chromedriverVersion: 96.0.4664.45 (76e4c1bb2ab46..., userDataDir: /var/folders/9k/xrbh1xhj0mz...}, goog:chromeOptions: {debuggerAddress: localhost:56512}, javascriptEnabled: true, networkConnectionEnabled: false, pageLoadStrategy: normal, platform: MAC, platformName: MAC, proxy: Proxy(), setWindowRect: true, strictFileInteractability: false, timeouts: {implicit: 0, pageLoad: 300000, script: 30000}, unhandledPromptBehavior: dismiss and notify, webauthn:extension:credBlob: true, webauthn:extension:largeBlob: true, webauthn:virtualAuthenticators: true}
Session ID: a9aaaed49bf1804ea05e2e9ee664c479

org.openqa.selenium.support.ui.WebDriverWait.timeoutException(WebDriverWait.java:95)
org.openqa.selenium.support.ui.FluentWait.until(FluentWait.java:272)
com.solvd.gsmarena.SignUpPage.clickSubmitButton(SignUpPage.java:99)
com.solvd.gsmarena.services.ISignUpService.signUpWithEmptyNickname(ISignUpService.java:45)
com.solvd.gsmarena.tests.GSMArenaTests.verifyEmptyNicknameIsNotAllowed(GSMArenaTests.java:52)
java.base/jdk.internal.reflect.NativeMethodAccessorImpl.invoke0(Native Method)
java.base/jdk.internal.reflect.NativeMethodAccessorImpl.invoke(NativeMethodAccessorImpl.java:62)
java.base/jdk.internal.reflect.DelegatingMethodAccessorImpl.invoke(DelegatingMethodAccessorImpl.java:43)
java.base/java.lang.reflect.Method.invoke(Method.java:566)
org.testng.internal.MethodInvocationHelper.invokeMethod(MethodInvocationHelper.java:133)
org.testng.internal.TestInvoker.invokeMethod(TestInvoker.java:598)
org.testng.internal.TestInvoker.invokeTestMethod(TestInvoker.java:173)
org.testng.internal.MethodRunner.runInSequence(MethodRunner.java:46)
org.testng.internal.TestInvoker$MethodInvocationAgent.invoke(TestInvoker.java:824)
org.testng.internal.TestInvoker.invokeTestMethods(TestInvoker.java:146)
org.testng.internal.TestMethodWorker.invokeTestMethods(TestMethodWorker.java:146)
org.testng.internal.TestMethodWorker.run(TestMethodWorker.java:128)
java.base/java.util.ArrayList.forEach(ArrayList.java:1541)
org.testng.TestRunner.privateRun(TestRunner.java:794)
org.testng.TestRunner.run(TestRunner.java:596)
org.testng.SuiteRunner.runTest(SuiteRunner.java:377)
org.testng.SuiteRunner.runSequentially(SuiteRunner.java:371)
org.testng.SuiteRunner.privateRun(SuiteRunner.java:332)
org.testng.SuiteRunner.run(SuiteRunner.java:276)
org.testng.SuiteRunnerWorker.runSuite(SuiteRunnerWorker.java:53)
org.testng.SuiteRunnerWorker.run(SuiteRunnerWorker.java:96)
org.testng.TestNG.runSuitesSequentially(TestNG.java:1212)
org.testng.TestNG.runSuitesLocally(TestNG.java:1134)
org.testng.TestNG.runSuites(TestNG.java:1063)
org.testng.TestNG.run(TestNG.java:1031)
com.intellij.rt.testng.IDEARemoteTestNG.run(IDEARemoteTestNG.java:66)
com.intellij.rt.testng.RemoteTestNGStarter.main(RemoteTestNGStarter.java:109)
2022-01-03 08:10:37 Messager [INFO] INFO: '**************** Test execution summary ****************'.
2022-01-03 08:10:37 Messager [INFO] RESULT #1: TEST [GSMArena - verifyEmptyNicknameIsNotAllowed [L01]] FAIL [log=file:///Users/solvd/Desktop/Proyectos/GSMArena/./reports/1641208197487/de958470-18f2-4bee-9777-3cbdb2750a2c/test.log]
2022-01-03 08:10:37 Messager [INFO] RESULT #2: TEST [GSMArena - verifyEmptyNicknameIsNotAllowed [L02]] FAIL [log=file:///Users/solvd/Desktop/Proyectos/GSMArena/./reports/1641208197487/9220e258-80d8-4826-8175-88bb1174bb5f/test.log]
2022-01-03 08:15:07 CarinaListener [INFO] 
============= Test configuration =============
url=https://www.gsmarena.com
env=DEMO
max_driver_count=3
proxy_protocols=http,https,ftp
browsermob_port=0
auto_screenshot=true
explicit_timeout=20
retry_interval=5
project_report_directory=./reports
max_screen_history=10
big_screen_width=-1
big_screen_height=-1
init_retry_count=0
init_retry_interval=1
retry_count=0
locale=en_US
thread_count=-1
data_provider_thread_count=-1
core_log_level=INFO
core_log_packages=com.qaprosoft.carina.core
log_all_json=true
date_format=HH:mm:ss yyyy-MM-dd
time_format=HH:mm:ss
test_naming_pattern={method_name}
element_loading_strategy=BY_PRESENCE_OR_VISIBILITY
page_opening_strategy=BY_URL_AND_ELEMENT
localization_encoding=UTF-8
localization_testing=false
default_device_timezone=GMT
default_device_time_format=24
default_device_language=en_US
selenium_url=

------------- Driver capabilities -----------
capabilities.browserName=CHROME
================================================

2022-01-03 08:15:08 TestRunRegistrar [WARN] Reporting disabled: using no op test run registrar
2022-01-03 08:15:09 Reflections [INFO] Reflections took 776 ms to scan 8 urls, producing 2329 keys and 11332 values 
2022-01-03 08:15:09 FilterTestsListener [INFO] There are no any rules and limitations
2022-01-03 08:15:09 CarinaListener [INFO] Set thread-count=1
2022-01-03 08:15:09 CarinaListener [INFO] Set data-provider-thread-count=1
2022-01-03 08:15:09 CarinaListener [INFO] CARINA_CORE_VERSION: 7.2.13
2022-01-03 08:15:27 TestRunRegistrar [WARN] Reporting disabled: using no op test run registrar
2022-01-03 08:15:27 TestRunRegistrar [WARN] Reporting disabled: using no op test run registrar
2022-01-03 08:15:27 TestRunRegistrar [WARN] Reporting disabled: using no op test run registrar
2022-01-03 08:15:27 Messager [INFO] TEST [GSMArena - verifyEmptyNicknameIsNotAllowed [L01]] STARTED at [08:15:27 2022-01-03]
2022-01-03 08:15:27 Messager [INFO] INFO: opening url 'https://www.gsmarena.com'
2022-01-03 08:15:40 Messager [INFO] TEST [GSMArena - verifyEmptyNicknameIsNotAllowed [L01]] PASSED at [08:15:40 2022-01-03]
2022-01-03 08:15:40 TestRunRegistrar [WARN] Reporting disabled: using no op test run registrar
2022-01-03 08:15:40 Messager [INFO] TEST [GSMArena - verifyEmptyNicknameIsNotAllowed [L02]] STARTED at [08:15:40 2022-01-03]
2022-01-03 08:15:40 Messager [INFO] INFO: opening url 'https://www.gsmarena.com'
2022-01-03 08:15:43 Messager [INFO] TEST [GSMArena - verifyEmptyNicknameIsNotAllowed [L02]] PASSED at [08:15:43 2022-01-03]
2022-01-03 08:15:43 Messager [INFO] INFO: '**************** Test execution summary ****************'.
2022-01-03 08:15:43 Messager [INFO] RESULT #1: TEST [GSMArena - verifyEmptyNicknameIsNotAllowed [L01]] PASS [log=file:///Users/solvd/Desktop/Proyectos/GSMArena/./reports/1641208507964/492d6112-125e-4a2f-8e75-a4932b4c2d74/test.log]
2022-01-03 08:15:43 Messager [INFO] RESULT #2: TEST [GSMArena - verifyEmptyNicknameIsNotAllowed [L02]] PASS [log=file:///Users/solvd/Desktop/Proyectos/GSMArena/./reports/1641208507964/98af0cd8-4c3a-4282-8dfd-52ead6ab97c4/test.log]
2022-01-03 08:19:08 CarinaListener [INFO] 
============= Test configuration =============
url=https://www.gsmarena.com
env=DEMO
max_driver_count=3
proxy_protocols=http,https,ftp
browsermob_port=0
auto_screenshot=true
explicit_timeout=20
retry_interval=5
project_report_directory=./reports
max_screen_history=10
big_screen_width=-1
big_screen_height=-1
init_retry_count=0
init_retry_interval=1
retry_count=0
locale=en_US
thread_count=-1
data_provider_thread_count=-1
core_log_level=INFO
core_log_packages=com.qaprosoft.carina.core
log_all_json=true
date_format=HH:mm:ss yyyy-MM-dd
time_format=HH:mm:ss
test_naming_pattern={method_name}
element_loading_strategy=BY_PRESENCE_OR_VISIBILITY
page_opening_strategy=BY_URL_AND_ELEMENT
localization_encoding=UTF-8
localization_testing=false
default_device_timezone=GMT
default_device_time_format=24
default_device_language=en_US
selenium_url=

------------- Driver capabilities -----------
capabilities.browserName=CHROME
================================================

2022-01-03 08:19:08 TestRunRegistrar [WARN] Reporting disabled: using no op test run registrar
2022-01-03 08:19:09 Reflections [INFO] Reflections took 927 ms to scan 8 urls, producing 2329 keys and 11332 values 
2022-01-03 08:19:09 FilterTestsListener [INFO] There are no any rules and limitations
2022-01-03 08:19:09 CarinaListener [INFO] Set thread-count=1
2022-01-03 08:19:09 CarinaListener [INFO] Set data-provider-thread-count=1
2022-01-03 08:19:09 CarinaListener [INFO] CARINA_CORE_VERSION: 7.2.13
2022-01-03 08:19:31 TestRunRegistrar [WARN] Reporting disabled: using no op test run registrar
2022-01-03 08:19:31 TestRunRegistrar [WARN] Reporting disabled: using no op test run registrar
2022-01-03 08:19:31 TestRunRegistrar [WARN] Reporting disabled: using no op test run registrar
2022-01-03 08:19:31 Messager [INFO] TEST [GSMArena - verifyEmptyNicknameIsNotAllowed [L01]] STARTED at [08:19:31 2022-01-03]
2022-01-03 08:19:31 Messager [INFO] INFO: opening url 'https://www.gsmarena.com'
2022-01-03 08:19:43 Messager [INFO] TEST [GSMArena - verifyEmptyNicknameIsNotAllowed [L01]] PASSED at [08:19:43 2022-01-03]
2022-01-03 08:19:44 TestRunRegistrar [WARN] Reporting disabled: using no op test run registrar
2022-01-03 08:19:44 Messager [INFO] TEST [GSMArena - verifyEmptyNicknameIsNotAllowed [L02]] STARTED at [08:19:44 2022-01-03]
2022-01-03 08:19:44 Messager [INFO] INFO: opening url 'https://www.gsmarena.com'
2022-01-03 08:19:47 Messager [INFO] TEST [GSMArena - verifyEmptyNicknameIsNotAllowed [L02]] PASSED at [08:19:47 2022-01-03]
2022-01-03 08:19:47 Messager [INFO] INFO: '**************** Test execution summary ****************'.
2022-01-03 08:19:47 Messager [INFO] RESULT #1: TEST [GSMArena - verifyEmptyNicknameIsNotAllowed [L01]] PASS [log=file:///Users/solvd/Desktop/Proyectos/GSMArena/./reports/1641208748117/1b057c2d-f4b0-41bb-929e-5efbbcc34038/test.log]
2022-01-03 08:19:47 Messager [INFO] RESULT #2: TEST [GSMArena - verifyEmptyNicknameIsNotAllowed [L02]] PASS [log=file:///Users/solvd/Desktop/Proyectos/GSMArena/./reports/1641208748117/f2b3b923-340a-462b-8247-8a6041ad6d25/test.log]
2022-01-03 08:21:00 CarinaListener [INFO] 
============= Test configuration =============
url=https://www.gsmarena.com
env=DEMO
max_driver_count=3
proxy_protocols=http,https,ftp
browsermob_port=0
auto_screenshot=true
explicit_timeout=20
retry_interval=5
project_report_directory=./reports
max_screen_history=10
big_screen_width=-1
big_screen_height=-1
init_retry_count=0
init_retry_interval=1
retry_count=0
locale=en_US
thread_count=-1
data_provider_thread_count=-1
core_log_level=INFO
core_log_packages=com.qaprosoft.carina.core
log_all_json=true
date_format=HH:mm:ss yyyy-MM-dd
time_format=HH:mm:ss
test_naming_pattern={method_name}
element_loading_strategy=BY_PRESENCE_OR_VISIBILITY
page_opening_strategy=BY_URL_AND_ELEMENT
localization_encoding=UTF-8
localization_testing=false
default_device_timezone=GMT
default_device_time_format=24
default_device_language=en_US
selenium_url=

------------- Driver capabilities -----------
capabilities.browserName=CHROME
================================================

2022-01-03 08:21:01 TestRunRegistrar [WARN] Reporting disabled: using no op test run registrar
2022-01-03 08:21:02 Reflections [INFO] Reflections took 1051 ms to scan 8 urls, producing 2329 keys and 11332 values 
2022-01-03 08:21:02 FilterTestsListener [INFO] There are no any rules and limitations
2022-01-03 08:21:02 CarinaListener [INFO] Set thread-count=1
2022-01-03 08:21:02 CarinaListener [INFO] Set data-provider-thread-count=1
2022-01-03 08:21:02 CarinaListener [INFO] CARINA_CORE_VERSION: 7.2.13
2022-01-03 08:21:09 CarinaListener [INFO] 
============= Test configuration =============
url=https://www.gsmarena.com
env=DEMO
max_driver_count=3
proxy_protocols=http,https,ftp
browsermob_port=0
auto_screenshot=true
explicit_timeout=20
retry_interval=5
project_report_directory=./reports
max_screen_history=10
big_screen_width=-1
big_screen_height=-1
init_retry_count=0
init_retry_interval=1
retry_count=0
locale=en_US
thread_count=-1
data_provider_thread_count=-1
core_log_level=INFO
core_log_packages=com.qaprosoft.carina.core
log_all_json=true
date_format=HH:mm:ss yyyy-MM-dd
time_format=HH:mm:ss
test_naming_pattern={method_name}
element_loading_strategy=BY_PRESENCE_OR_VISIBILITY
page_opening_strategy=BY_URL_AND_ELEMENT
localization_encoding=UTF-8
localization_testing=false
default_device_timezone=GMT
default_device_time_format=24
default_device_language=en_US
selenium_url=

------------- Driver capabilities -----------
capabilities.browserName=CHROME
================================================

2022-01-03 08:21:09 TestRunRegistrar [WARN] Reporting disabled: using no op test run registrar
2022-01-03 08:21:10 Reflections [INFO] Reflections took 771 ms to scan 8 urls, producing 2329 keys and 11332 values 
2022-01-03 08:21:10 FilterTestsListener [INFO] There are no any rules and limitations
2022-01-03 08:21:10 CarinaListener [INFO] Set thread-count=1
2022-01-03 08:21:10 CarinaListener [INFO] Set data-provider-thread-count=1
2022-01-03 08:21:10 CarinaListener [INFO] CARINA_CORE_VERSION: 7.2.13
2022-01-03 08:21:33 TestRunRegistrar [WARN] Reporting disabled: using no op test run registrar
2022-01-03 08:21:33 TestRunRegistrar [WARN] Reporting disabled: using no op test run registrar
2022-01-03 08:21:33 TestRunRegistrar [WARN] Reporting disabled: using no op test run registrar
2022-01-03 08:21:33 Messager [INFO] TEST [GSMArena - verifyEmptyEmailsNotAllowed [L01]] STARTED at [08:21:33 2022-01-03]
2022-01-03 08:21:33 Messager [INFO] INFO: opening url 'https://www.gsmarena.com'
2022-01-03 08:21:51 Messager [INFO] TEST [GSMArena - verifyEmptyEmailsNotAllowed [L01]] PASSED at [08:21:51 2022-01-03]
2022-01-03 08:21:51 TestRunRegistrar [WARN] Reporting disabled: using no op test run registrar
2022-01-03 08:21:51 Messager [INFO] TEST [GSMArena - verifyEmptyEmailsNotAllowed [L02]] STARTED at [08:21:51 2022-01-03]
2022-01-03 08:21:51 Messager [INFO] INFO: opening url 'https://www.gsmarena.com'
2022-01-03 08:21:56 Messager [INFO] TEST [GSMArena - verifyEmptyEmailsNotAllowed [L02]] PASSED at [08:21:56 2022-01-03]
2022-01-03 08:21:56 Messager [INFO] INFO: '**************** Test execution summary ****************'.
2022-01-03 08:21:56 Messager [INFO] RESULT #1: TEST [GSMArena - verifyEmptyEmailsNotAllowed [L01]] PASS [log=file:///Users/solvd/Desktop/Proyectos/GSMArena/./reports/1641208869066/f282f066-2cf8-4bf7-9b56-beae0bedcd11/test.log]
2022-01-03 08:21:56 Messager [INFO] RESULT #2: TEST [GSMArena - verifyEmptyEmailsNotAllowed [L02]] PASS [log=file:///Users/solvd/Desktop/Proyectos/GSMArena/./reports/1641208869066/8768a604-d976-4191-9af9-15033048d9c1/test.log]
2022-01-03 08:29:58 CarinaListener [INFO] 
============= Test configuration =============
url=https://www.gsmarena.com
env=DEMO
max_driver_count=3
proxy_protocols=http,https,ftp
browsermob_port=0
auto_screenshot=true
explicit_timeout=20
retry_interval=5
project_report_directory=./reports
max_screen_history=10
big_screen_width=-1
big_screen_height=-1
init_retry_count=0
init_retry_interval=1
retry_count=0
locale=en_US
thread_count=-1
data_provider_thread_count=-1
core_log_level=INFO
core_log_packages=com.qaprosoft.carina.core
log_all_json=true
date_format=HH:mm:ss yyyy-MM-dd
time_format=HH:mm:ss
test_naming_pattern={method_name}
element_loading_strategy=BY_PRESENCE_OR_VISIBILITY
page_opening_strategy=BY_URL_AND_ELEMENT
localization_encoding=UTF-8
localization_testing=false
default_device_timezone=GMT
default_device_time_format=24
default_device_language=en_US
selenium_url=

------------- Driver capabilities -----------
capabilities.browserName=CHROME
================================================

2022-01-03 08:29:58 TestRunRegistrar [WARN] Reporting disabled: using no op test run registrar
2022-01-03 08:29:59 Reflections [INFO] Reflections took 690 ms to scan 8 urls, producing 2329 keys and 11332 values 
2022-01-03 08:29:59 FilterTestsListener [INFO] There are no any rules and limitations
2022-01-03 08:29:59 CarinaListener [INFO] Set thread-count=1
2022-01-03 08:29:59 CarinaListener [INFO] Set data-provider-thread-count=1
2022-01-03 08:29:59 CarinaListener [INFO] CARINA_CORE_VERSION: 7.2.13
2022-01-03 08:30:18 TestRunRegistrar [WARN] Reporting disabled: using no op test run registrar
2022-01-03 08:30:18 TestRunRegistrar [WARN] Reporting disabled: using no op test run registrar
2022-01-03 08:30:18 TestRunRegistrar [WARN] Reporting disabled: using no op test run registrar
2022-01-03 08:30:18 Messager [INFO] TEST [GSMArena - verifyConditionsAreRequired [L01]] STARTED at [08:30:18 2022-01-03]
2022-01-03 08:30:18 Messager [INFO] INFO: opening url 'https://www.gsmarena.com'
2022-01-03 08:30:33 Messager [INFO] TEST [GSMArena - verifyConditionsAreRequired [L01]] PASSED at [08:30:33 2022-01-03]
2022-01-03 08:30:33 TestRunRegistrar [WARN] Reporting disabled: using no op test run registrar
2022-01-03 08:30:33 Messager [INFO] TEST [GSMArena - verifyConditionsAreRequired [L02]] STARTED at [08:30:33 2022-01-03]
2022-01-03 08:30:33 Messager [INFO] INFO: opening url 'https://www.gsmarena.com'
2022-01-03 08:30:38 Messager [INFO] TEST [GSMArena - verifyConditionsAreRequired [L02]] PASSED at [08:30:38 2022-01-03]
2022-01-03 08:30:38 Messager [INFO] INFO: '**************** Test execution summary ****************'.
2022-01-03 08:30:38 Messager [INFO] RESULT #1: TEST [GSMArena - verifyConditionsAreRequired [L01]] PASS [log=file:///Users/solvd/Desktop/Proyectos/GSMArena/./reports/1641209398528/783a6d0b-0732-4bb1-8c32-930020a80035/test.log]
2022-01-03 08:30:38 Messager [INFO] RESULT #2: TEST [GSMArena - verifyConditionsAreRequired [L02]] PASS [log=file:///Users/solvd/Desktop/Proyectos/GSMArena/./reports/1641209398528/d5843920-6d6e-4fe9-b6c1-cd1d3d5f6e27/test.log]
2022-01-03 08:45:11 CarinaListener [INFO] 
============= Test configuration =============
url=https://www.gsmarena.com
env=DEMO
max_driver_count=3
proxy_protocols=http,https,ftp
browsermob_port=0
auto_screenshot=true
explicit_timeout=20
retry_interval=5
project_report_directory=./reports
max_screen_history=10
big_screen_width=-1
big_screen_height=-1
init_retry_count=0
init_retry_interval=1
retry_count=0
locale=en_US
thread_count=-1
data_provider_thread_count=-1
core_log_level=INFO
core_log_packages=com.qaprosoft.carina.core
log_all_json=true
date_format=HH:mm:ss yyyy-MM-dd
time_format=HH:mm:ss
test_naming_pattern={method_name}
element_loading_strategy=BY_PRESENCE_OR_VISIBILITY
page_opening_strategy=BY_URL_AND_ELEMENT
localization_encoding=UTF-8
localization_testing=false
default_device_timezone=GMT
default_device_time_format=24
default_device_language=en_US
selenium_url=

------------- Driver capabilities -----------
capabilities.browserName=CHROME
================================================

2022-01-03 08:45:11 TestRunRegistrar [WARN] Reporting disabled: using no op test run registrar
2022-01-03 08:45:12 Reflections [INFO] Reflections took 745 ms to scan 8 urls, producing 2329 keys and 11332 values 
2022-01-03 08:45:13 FilterTestsListener [INFO] There are no any rules and limitations
2022-01-03 08:45:13 CarinaListener [INFO] Set thread-count=1
2022-01-03 08:45:13 CarinaListener [INFO] Set data-provider-thread-count=1
2022-01-03 08:45:13 CarinaListener [INFO] CARINA_CORE_VERSION: 7.2.13
2022-01-03 08:45:32 TestRunRegistrar [WARN] Reporting disabled: using no op test run registrar
2022-01-03 08:45:32 TestRunRegistrar [WARN] Reporting disabled: using no op test run registrar
2022-01-03 08:45:32 TestRunRegistrar [WARN] Reporting disabled: using no op test run registrar
2022-01-03 08:45:32 Messager [INFO] TEST [GSMArena - verifyConditionsAreRequired [L01]] STARTED at [08:45:32 2022-01-03]
2022-01-03 08:45:32 Messager [INFO] INFO: opening url 'https://www.gsmarena.com'
2022-01-03 08:45:53 Messager [ERROR] TEST [GSMArena - verifyConditionsAreRequired [L01]] FAILED at [08:45:53 2022-01-03] - FATAL!, Not same expected [false] but found [true]

org.testng.Assert.fail(Assert.java:99)
org.testng.Assert.failNotEquals(Assert.java:1037)
org.testng.Assert.assertEqualsImpl(Assert.java:140)
org.testng.Assert.assertEquals(Assert.java:122)
org.testng.Assert.assertEquals(Assert.java:819)
com.solvd.gsmarena.tests.GSMArenaTests.verifyConditionsAreRequired(GSMArenaTests.java:79)
java.base/jdk.internal.reflect.NativeMethodAccessorImpl.invoke0(Native Method)
java.base/jdk.internal.reflect.NativeMethodAccessorImpl.invoke(NativeMethodAccessorImpl.java:62)
java.base/jdk.internal.reflect.DelegatingMethodAccessorImpl.invoke(DelegatingMethodAccessorImpl.java:43)
java.base/java.lang.reflect.Method.invoke(Method.java:566)
org.testng.internal.MethodInvocationHelper.invokeMethod(MethodInvocationHelper.java:133)
org.testng.internal.TestInvoker.invokeMethod(TestInvoker.java:598)
org.testng.internal.TestInvoker.invokeTestMethod(TestInvoker.java:173)
org.testng.internal.MethodRunner.runInSequence(MethodRunner.java:46)
org.testng.internal.TestInvoker$MethodInvocationAgent.invoke(TestInvoker.java:824)
org.testng.internal.TestInvoker.invokeTestMethods(TestInvoker.java:146)
org.testng.internal.TestMethodWorker.invokeTestMethods(TestMethodWorker.java:146)
org.testng.internal.TestMethodWorker.run(TestMethodWorker.java:128)
java.base/java.util.ArrayList.forEach(ArrayList.java:1541)
org.testng.TestRunner.privateRun(TestRunner.java:794)
org.testng.TestRunner.run(TestRunner.java:596)
org.testng.SuiteRunner.runTest(SuiteRunner.java:377)
org.testng.SuiteRunner.runSequentially(SuiteRunner.java:371)
org.testng.SuiteRunner.privateRun(SuiteRunner.java:332)
org.testng.SuiteRunner.run(SuiteRunner.java:276)
org.testng.SuiteRunnerWorker.runSuite(SuiteRunnerWorker.java:53)
org.testng.SuiteRunnerWorker.run(SuiteRunnerWorker.java:96)
org.testng.TestNG.runSuitesSequentially(TestNG.java:1212)
org.testng.TestNG.runSuitesLocally(TestNG.java:1134)
org.testng.TestNG.runSuites(TestNG.java:1063)
org.testng.TestNG.run(TestNG.java:1031)
com.intellij.rt.testng.IDEARemoteTestNG.run(IDEARemoteTestNG.java:66)
com.intellij.rt.testng.RemoteTestNGStarter.main(RemoteTestNGStarter.java:109)
2022-01-03 08:45:53 TestRunRegistrar [WARN] Reporting disabled: using no op test run registrar
2022-01-03 08:45:53 Messager [INFO] TEST [GSMArena - verifyConditionsAreRequired [L02]] STARTED at [08:45:53 2022-01-03]
2022-01-03 08:45:53 Messager [INFO] INFO: opening url 'https://www.gsmarena.com'
2022-01-03 08:45:58 Messager [INFO] TEST [GSMArena - verifyConditionsAreRequired [L02]] PASSED at [08:45:58 2022-01-03]
2022-01-03 08:45:58 Messager [INFO] INFO: '**************** Test execution summary ****************'.
2022-01-03 08:45:58 Messager [INFO] RESULT #1: TEST [GSMArena - verifyConditionsAreRequired [L01]] FAIL [log=file:///Users/solvd/Desktop/Proyectos/GSMArena/./reports/1641210311874/2335a68d-409a-457b-aead-184a7729f8e2/test.log]
2022-01-03 08:45:58 Messager [INFO] RESULT #2: TEST [GSMArena - verifyConditionsAreRequired [L02]] PASS [log=file:///Users/solvd/Desktop/Proyectos/GSMArena/./reports/1641210311874/87926ce1-ba38-414e-a887-b047d5001f3b/test.log]
2022-01-03 08:48:21 CarinaListener [INFO] 
============= Test configuration =============
url=https://www.gsmarena.com
env=DEMO
max_driver_count=3
proxy_protocols=http,https,ftp
browsermob_port=0
auto_screenshot=true
explicit_timeout=20
retry_interval=5
project_report_directory=./reports
max_screen_history=10
big_screen_width=-1
big_screen_height=-1
init_retry_count=0
init_retry_interval=1
retry_count=0
locale=en_US
thread_count=-1
data_provider_thread_count=-1
core_log_level=INFO
core_log_packages=com.qaprosoft.carina.core
log_all_json=true
date_format=HH:mm:ss yyyy-MM-dd
time_format=HH:mm:ss
test_naming_pattern={method_name}
element_loading_strategy=BY_PRESENCE_OR_VISIBILITY
page_opening_strategy=BY_URL_AND_ELEMENT
localization_encoding=UTF-8
localization_testing=false
default_device_timezone=GMT
default_device_time_format=24
default_device_language=en_US
selenium_url=

------------- Driver capabilities -----------
capabilities.browserName=CHROME
================================================

2022-01-03 08:48:21 TestRunRegistrar [WARN] Reporting disabled: using no op test run registrar
2022-01-03 08:48:22 Reflections [INFO] Reflections took 774 ms to scan 8 urls, producing 2329 keys and 11332 values 
2022-01-03 08:48:22 FilterTestsListener [INFO] There are no any rules and limitations
2022-01-03 08:48:22 CarinaListener [INFO] Set thread-count=1
2022-01-03 08:48:22 CarinaListener [INFO] Set data-provider-thread-count=1
2022-01-03 08:48:22 CarinaListener [INFO] CARINA_CORE_VERSION: 7.2.13
2022-01-03 08:48:53 TestRunRegistrar [WARN] Reporting disabled: using no op test run registrar
2022-01-03 08:48:53 TestRunRegistrar [WARN] Reporting disabled: using no op test run registrar
2022-01-03 08:48:53 TestRunRegistrar [WARN] Reporting disabled: using no op test run registrar
2022-01-03 08:48:53 Messager [INFO] TEST [GSMArena - verifyConditionsAreRequired [L01]] STARTED at [08:48:53 2022-01-03]
2022-01-03 08:48:53 Messager [INFO] INFO: opening url 'https://www.gsmarena.com'
2022-01-03 08:49:10 Messager [ERROR] TEST [GSMArena - verifyConditionsAreRequired [L01]] FAILED at [08:49:10 2022-01-03] - FATAL!, Not same expected [false] but found [true]

org.testng.Assert.fail(Assert.java:99)
org.testng.Assert.failNotEquals(Assert.java:1037)
org.testng.Assert.assertEqualsImpl(Assert.java:140)
org.testng.Assert.assertEquals(Assert.java:122)
org.testng.Assert.assertEquals(Assert.java:819)
com.solvd.gsmarena.tests.GSMArenaTests.verifyConditionsAreRequired(GSMArenaTests.java:79)
java.base/jdk.internal.reflect.NativeMethodAccessorImpl.invoke0(Native Method)
java.base/jdk.internal.reflect.NativeMethodAccessorImpl.invoke(NativeMethodAccessorImpl.java:62)
java.base/jdk.internal.reflect.DelegatingMethodAccessorImpl.invoke(DelegatingMethodAccessorImpl.java:43)
java.base/java.lang.reflect.Method.invoke(Method.java:566)
org.testng.internal.MethodInvocationHelper.invokeMethod(MethodInvocationHelper.java:133)
org.testng.internal.TestInvoker.invokeMethod(TestInvoker.java:598)
org.testng.internal.TestInvoker.invokeTestMethod(TestInvoker.java:173)
org.testng.internal.MethodRunner.runInSequence(MethodRunner.java:46)
org.testng.internal.TestInvoker$MethodInvocationAgent.invoke(TestInvoker.java:824)
org.testng.internal.TestInvoker.invokeTestMethods(TestInvoker.java:146)
org.testng.internal.TestMethodWorker.invokeTestMethods(TestMethodWorker.java:146)
org.testng.internal.TestMethodWorker.run(TestMethodWorker.java:128)
java.base/java.util.ArrayList.forEach(ArrayList.java:1541)
org.testng.TestRunner.privateRun(TestRunner.java:794)
org.testng.TestRunner.run(TestRunner.java:596)
org.testng.SuiteRunner.runTest(SuiteRunner.java:377)
org.testng.SuiteRunner.runSequentially(SuiteRunner.java:371)
org.testng.SuiteRunner.privateRun(SuiteRunner.java:332)
org.testng.SuiteRunner.run(SuiteRunner.java:276)
org.testng.SuiteRunnerWorker.runSuite(SuiteRunnerWorker.java:53)
org.testng.SuiteRunnerWorker.run(SuiteRunnerWorker.java:96)
org.testng.TestNG.runSuitesSequentially(TestNG.java:1212)
org.testng.TestNG.runSuitesLocally(TestNG.java:1134)
org.testng.TestNG.runSuites(TestNG.java:1063)
org.testng.TestNG.run(TestNG.java:1031)
com.intellij.rt.testng.IDEARemoteTestNG.run(IDEARemoteTestNG.java:66)
com.intellij.rt.testng.RemoteTestNGStarter.main(RemoteTestNGStarter.java:109)
2022-01-03 08:49:10 TestRunRegistrar [WARN] Reporting disabled: using no op test run registrar
2022-01-03 08:49:10 Messager [INFO] TEST [GSMArena - verifyConditionsAreRequired [L02]] STARTED at [08:49:10 2022-01-03]
2022-01-03 08:49:10 Messager [INFO] INFO: opening url 'https://www.gsmarena.com'
2022-01-03 08:49:14 Messager [ERROR] TEST [GSMArena - verifyConditionsAreRequired [L02]] FAILED at [08:49:14 2022-01-03] - FATAL!, Not same expected [false] but found [true]

org.testng.Assert.fail(Assert.java:99)
org.testng.Assert.failNotEquals(Assert.java:1037)
org.testng.Assert.assertEqualsImpl(Assert.java:140)
org.testng.Assert.assertEquals(Assert.java:122)
org.testng.Assert.assertEquals(Assert.java:819)
com.solvd.gsmarena.tests.GSMArenaTests.verifyConditionsAreRequired(GSMArenaTests.java:79)
java.base/jdk.internal.reflect.NativeMethodAccessorImpl.invoke0(Native Method)
java.base/jdk.internal.reflect.NativeMethodAccessorImpl.invoke(NativeMethodAccessorImpl.java:62)
java.base/jdk.internal.reflect.DelegatingMethodAccessorImpl.invoke(DelegatingMethodAccessorImpl.java:43)
java.base/java.lang.reflect.Method.invoke(Method.java:566)
org.testng.internal.MethodInvocationHelper.invokeMethod(MethodInvocationHelper.java:133)
org.testng.internal.TestInvoker.invokeMethod(TestInvoker.java:598)
org.testng.internal.TestInvoker.invokeTestMethod(TestInvoker.java:173)
org.testng.internal.MethodRunner.runInSequence(MethodRunner.java:46)
org.testng.internal.TestInvoker$MethodInvocationAgent.invoke(TestInvoker.java:824)
org.testng.internal.TestInvoker.invokeTestMethods(TestInvoker.java:146)
org.testng.internal.TestMethodWorker.invokeTestMethods(TestMethodWorker.java:146)
org.testng.internal.TestMethodWorker.run(TestMethodWorker.java:128)
java.base/java.util.ArrayList.forEach(ArrayList.java:1541)
org.testng.TestRunner.privateRun(TestRunner.java:794)
org.testng.TestRunner.run(TestRunner.java:596)
org.testng.SuiteRunner.runTest(SuiteRunner.java:377)
org.testng.SuiteRunner.runSequentially(SuiteRunner.java:371)
org.testng.SuiteRunner.privateRun(SuiteRunner.java:332)
org.testng.SuiteRunner.run(SuiteRunner.java:276)
org.testng.SuiteRunnerWorker.runSuite(SuiteRunnerWorker.java:53)
org.testng.SuiteRunnerWorker.run(SuiteRunnerWorker.java:96)
org.testng.TestNG.runSuitesSequentially(TestNG.java:1212)
org.testng.TestNG.runSuitesLocally(TestNG.java:1134)
org.testng.TestNG.runSuites(TestNG.java:1063)
org.testng.TestNG.run(TestNG.java:1031)
com.intellij.rt.testng.IDEARemoteTestNG.run(IDEARemoteTestNG.java:66)
com.intellij.rt.testng.RemoteTestNGStarter.main(RemoteTestNGStarter.java:109)
2022-01-03 08:49:14 Messager [INFO] INFO: '**************** Test execution summary ****************'.
2022-01-03 08:49:14 Messager [INFO] RESULT #1: TEST [GSMArena - verifyConditionsAreRequired [L01]] FAIL [log=file:///Users/solvd/Desktop/Proyectos/GSMArena/./reports/1641210501776/e6ca9c6b-c250-4a29-a1f2-4d6067cf0a7b/test.log]
2022-01-03 08:49:14 Messager [INFO] RESULT #2: TEST [GSMArena - verifyConditionsAreRequired [L02]] FAIL [log=file:///Users/solvd/Desktop/Proyectos/GSMArena/./reports/1641210501776/a057fc09-e055-40d2-a305-8b5376dca162/test.log]
2022-01-03 08:49:37 CarinaListener [INFO] 
============= Test configuration =============
url=https://www.gsmarena.com
env=DEMO
max_driver_count=3
proxy_protocols=http,https,ftp
browsermob_port=0
auto_screenshot=true
explicit_timeout=20
retry_interval=5
project_report_directory=./reports
max_screen_history=10
big_screen_width=-1
big_screen_height=-1
init_retry_count=0
init_retry_interval=1
retry_count=0
locale=en_US
thread_count=-1
data_provider_thread_count=-1
core_log_level=INFO
core_log_packages=com.qaprosoft.carina.core
log_all_json=true
date_format=HH:mm:ss yyyy-MM-dd
time_format=HH:mm:ss
test_naming_pattern={method_name}
element_loading_strategy=BY_PRESENCE_OR_VISIBILITY
page_opening_strategy=BY_URL_AND_ELEMENT
localization_encoding=UTF-8
localization_testing=false
default_device_timezone=GMT
default_device_time_format=24
default_device_language=en_US
selenium_url=

------------- Driver capabilities -----------
capabilities.browserName=CHROME
================================================

2022-01-03 08:49:37 TestRunRegistrar [WARN] Reporting disabled: using no op test run registrar
2022-01-03 08:49:39 Reflections [INFO] Reflections took 863 ms to scan 8 urls, producing 2329 keys and 11332 values 
2022-01-03 08:49:39 FilterTestsListener [INFO] There are no any rules and limitations
2022-01-03 08:49:39 CarinaListener [INFO] Set thread-count=1
2022-01-03 08:49:39 CarinaListener [INFO] Set data-provider-thread-count=1
2022-01-03 08:49:39 CarinaListener [INFO] CARINA_CORE_VERSION: 7.2.13
2022-01-03 08:49:56 TestRunRegistrar [WARN] Reporting disabled: using no op test run registrar
2022-01-03 08:49:56 TestRunRegistrar [WARN] Reporting disabled: using no op test run registrar
2022-01-03 08:49:56 TestRunRegistrar [WARN] Reporting disabled: using no op test run registrar
2022-01-03 08:49:56 Messager [INFO] TEST [GSMArena - verifyConditionsAreRequired [L01]] STARTED at [08:49:56 2022-01-03]
2022-01-03 08:49:56 Messager [INFO] INFO: opening url 'https://www.gsmarena.com'
2022-01-03 08:50:08 Messager [INFO] TEST [GSMArena - verifyConditionsAreRequired [L01]] PASSED at [08:50:08 2022-01-03]
2022-01-03 08:50:08 TestRunRegistrar [WARN] Reporting disabled: using no op test run registrar
2022-01-03 08:50:08 Messager [INFO] TEST [GSMArena - verifyConditionsAreRequired [L02]] STARTED at [08:50:08 2022-01-03]
2022-01-03 08:50:08 Messager [INFO] INFO: opening url 'https://www.gsmarena.com'
2022-01-03 08:50:14 Messager [INFO] TEST [GSMArena - verifyConditionsAreRequired [L02]] PASSED at [08:50:14 2022-01-03]
2022-01-03 08:50:14 Messager [INFO] INFO: '**************** Test execution summary ****************'.
2022-01-03 08:50:14 Messager [INFO] RESULT #1: TEST [GSMArena - verifyConditionsAreRequired [L01]] PASS [log=file:///Users/solvd/Desktop/Proyectos/GSMArena/./reports/1641210577813/616e26ac-ac76-4436-a972-1947ec3063f6/test.log]
2022-01-03 08:50:14 Messager [INFO] RESULT #2: TEST [GSMArena - verifyConditionsAreRequired [L02]] PASS [log=file:///Users/solvd/Desktop/Proyectos/GSMArena/./reports/1641210577813/48c09e54-c6a6-4ee1-9b00-a7cceb308436/test.log]
2022-01-03 08:56:24 CarinaListener [INFO] 
============= Test configuration =============
url=https://www.gsmarena.com
env=DEMO
max_driver_count=3
proxy_protocols=http,https,ftp
browsermob_port=0
auto_screenshot=true
explicit_timeout=20
retry_interval=5
project_report_directory=./reports
max_screen_history=10
big_screen_width=-1
big_screen_height=-1
init_retry_count=0
init_retry_interval=1
retry_count=0
locale=en_US
thread_count=-1
data_provider_thread_count=-1
core_log_level=INFO
core_log_packages=com.qaprosoft.carina.core
log_all_json=true
date_format=HH:mm:ss yyyy-MM-dd
time_format=HH:mm:ss
test_naming_pattern={method_name}
element_loading_strategy=BY_PRESENCE_OR_VISIBILITY
page_opening_strategy=BY_URL_AND_ELEMENT
localization_encoding=UTF-8
localization_testing=false
default_device_timezone=GMT
default_device_time_format=24
default_device_language=en_US
selenium_url=

------------- Driver capabilities -----------
capabilities.browserName=CHROME
================================================

2022-01-03 08:56:24 TestRunRegistrar [WARN] Reporting disabled: using no op test run registrar
2022-01-03 08:56:25 Reflections [INFO] Reflections took 731 ms to scan 8 urls, producing 2329 keys and 11332 values 
2022-01-03 08:56:25 FilterTestsListener [INFO] There are no any rules and limitations
2022-01-03 08:56:25 CarinaListener [INFO] Set thread-count=1
2022-01-03 08:56:25 CarinaListener [INFO] Set data-provider-thread-count=1
2022-01-03 08:56:25 CarinaListener [INFO] CARINA_CORE_VERSION: 7.2.13
2022-01-03 08:57:52 TestRunRegistrar [WARN] Reporting disabled: using no op test run registrar
2022-01-03 08:57:53 TestRunRegistrar [WARN] Reporting disabled: using no op test run registrar
2022-01-03 08:57:53 TestRunRegistrar [WARN] Reporting disabled: using no op test run registrar
2022-01-03 08:57:53 Messager [INFO] TEST [GSMArena - verifyInvalidPasswordIsNotAllowed [L01]] STARTED at [08:57:53 2022-01-03]
2022-01-03 08:57:53 Messager [INFO] INFO: opening url 'https://www.gsmarena.com'
2022-01-03 08:59:55 CarinaListener [INFO] 
============= Test configuration =============
url=https://www.gsmarena.com
env=DEMO
max_driver_count=3
proxy_protocols=http,https,ftp
browsermob_port=0
auto_screenshot=true
explicit_timeout=20
retry_interval=5
project_report_directory=./reports
max_screen_history=10
big_screen_width=-1
big_screen_height=-1
init_retry_count=0
init_retry_interval=1
retry_count=0
locale=en_US
thread_count=-1
data_provider_thread_count=-1
core_log_level=INFO
core_log_packages=com.qaprosoft.carina.core
log_all_json=true
date_format=HH:mm:ss yyyy-MM-dd
time_format=HH:mm:ss
test_naming_pattern={method_name}
element_loading_strategy=BY_PRESENCE_OR_VISIBILITY
page_opening_strategy=BY_URL_AND_ELEMENT
localization_encoding=UTF-8
localization_testing=false
default_device_timezone=GMT
default_device_time_format=24
default_device_language=en_US
selenium_url=

------------- Driver capabilities -----------
capabilities.browserName=CHROME
================================================

2022-01-03 08:59:55 TestRunRegistrar [WARN] Reporting disabled: using no op test run registrar
2022-01-03 08:59:56 Reflections [INFO] Reflections took 764 ms to scan 8 urls, producing 2329 keys and 11332 values 
2022-01-03 08:59:56 FilterTestsListener [INFO] There are no any rules and limitations
2022-01-03 08:59:56 CarinaListener [INFO] Set thread-count=1
2022-01-03 08:59:56 CarinaListener [INFO] Set data-provider-thread-count=1
2022-01-03 08:59:56 CarinaListener [INFO] CARINA_CORE_VERSION: 7.2.13
2022-01-03 09:00:24 TestRunRegistrar [WARN] Reporting disabled: using no op test run registrar
2022-01-03 09:00:25 TestRunRegistrar [WARN] Reporting disabled: using no op test run registrar
2022-01-03 09:00:25 TestRunRegistrar [WARN] Reporting disabled: using no op test run registrar
2022-01-03 09:00:25 Messager [INFO] TEST [GSMArena - verifyInvalidPasswordIsNotAllowed [L01]] STARTED at [09:00:25 2022-01-03]
2022-01-03 09:00:25 Messager [INFO] INFO: opening url 'https://www.gsmarena.com'
2022-01-03 09:00:40 Messager [ERROR] TEST [GSMArena - verifyInvalidPasswordIsNotAllowed [L01]] FAILED at [09:00:40 2022-01-03] - Expected condition failed: waiting for element to be clickable: [[ChromeDriver: chrome on MAC (0be81ab3b23f507e4137f683866e58b9)] -> xpath: /html/body/div[1]/div[1]/div[2]/div/div[3]/form/div/input] (tried for 2 second(s) with 500 milliseconds interval)
Build info: version: '3.141.59', revision: 'e82be7d358', time: '2018-11-14T08:17:03'
System info: host: 'MacBook-Pro-de-solvd.local', ip: 'fe80:0:0:0:18db:4a0b:e767:4575%en0', os.name: 'Mac OS X', os.arch: 'x86_64', os.version: '11.1', java.version: '11.0.12'
Driver info: org.openqa.selenium.chrome.ChromeDriver
Capabilities {acceptInsecureCerts: false, browserName: chrome, browserVersion: 96.0.4664.110, chrome: {chromedriverVersion: 96.0.4664.45 (76e4c1bb2ab46..., userDataDir: /var/folders/9k/xrbh1xhj0mz...}, goog:chromeOptions: {debuggerAddress: localhost:62340}, javascriptEnabled: true, networkConnectionEnabled: false, pageLoadStrategy: normal, platform: MAC, platformName: MAC, proxy: Proxy(), setWindowRect: true, strictFileInteractability: false, timeouts: {implicit: 0, pageLoad: 300000, script: 30000}, unhandledPromptBehavior: dismiss and notify, webauthn:extension:credBlob: true, webauthn:extension:largeBlob: true, webauthn:virtualAuthenticators: true}
Session ID: 0be81ab3b23f507e4137f683866e58b9

org.openqa.selenium.support.ui.WebDriverWait.timeoutException(WebDriverWait.java:95)
org.openqa.selenium.support.ui.FluentWait.until(FluentWait.java:272)
com.solvd.gsmarena.SignUpPage.clickSubmitButton(SignUpPage.java:93)
com.solvd.gsmarena.services.ISignUpService.signUpWithInvalidCredentials(ISignUpService.java:46)
com.solvd.gsmarena.tests.GSMArenaTests.verifyInvalidPasswordIsNotAllowed(GSMArenaTests.java:76)
java.base/jdk.internal.reflect.NativeMethodAccessorImpl.invoke0(Native Method)
java.base/jdk.internal.reflect.NativeMethodAccessorImpl.invoke(NativeMethodAccessorImpl.java:62)
java.base/jdk.internal.reflect.DelegatingMethodAccessorImpl.invoke(DelegatingMethodAccessorImpl.java:43)
java.base/java.lang.reflect.Method.invoke(Method.java:566)
org.testng.internal.MethodInvocationHelper.invokeMethod(MethodInvocationHelper.java:133)
org.testng.internal.TestInvoker.invokeMethod(TestInvoker.java:598)
org.testng.internal.TestInvoker.invokeTestMethod(TestInvoker.java:173)
org.testng.internal.MethodRunner.runInSequence(MethodRunner.java:46)
org.testng.internal.TestInvoker$MethodInvocationAgent.invoke(TestInvoker.java:824)
org.testng.internal.TestInvoker.invokeTestMethods(TestInvoker.java:146)
org.testng.internal.TestMethodWorker.invokeTestMethods(TestMethodWorker.java:146)
org.testng.internal.TestMethodWorker.run(TestMethodWorker.java:128)
java.base/java.util.ArrayList.forEach(ArrayList.java:1541)
org.testng.TestRunner.privateRun(TestRunner.java:794)
org.testng.TestRunner.run(TestRunner.java:596)
org.testng.SuiteRunner.runTest(SuiteRunner.java:377)
org.testng.SuiteRunner.runSequentially(SuiteRunner.java:371)
org.testng.SuiteRunner.privateRun(SuiteRunner.java:332)
org.testng.SuiteRunner.run(SuiteRunner.java:276)
org.testng.SuiteRunnerWorker.runSuite(SuiteRunnerWorker.java:53)
org.testng.SuiteRunnerWorker.run(SuiteRunnerWorker.java:96)
org.testng.TestNG.runSuitesSequentially(TestNG.java:1212)
org.testng.TestNG.runSuitesLocally(TestNG.java:1134)
org.testng.TestNG.runSuites(TestNG.java:1063)
org.testng.TestNG.run(TestNG.java:1031)
com.intellij.rt.testng.IDEARemoteTestNG.run(IDEARemoteTestNG.java:66)
com.intellij.rt.testng.RemoteTestNGStarter.main(RemoteTestNGStarter.java:109)
2022-01-03 09:00:40 TestRunRegistrar [WARN] Reporting disabled: using no op test run registrar
2022-01-03 09:00:40 Messager [INFO] TEST [GSMArena - verifyInvalidPasswordIsNotAllowed [L02]] STARTED at [09:00:40 2022-01-03]
2022-01-03 09:00:40 Messager [INFO] INFO: opening url 'https://www.gsmarena.com'
2022-01-03 09:00:54 Messager [INFO] TEST [GSMArena - verifyInvalidPasswordIsNotAllowed [L02]] PASSED at [09:00:54 2022-01-03]
2022-01-03 09:00:54 TestRunRegistrar [WARN] Reporting disabled: using no op test run registrar
2022-01-03 09:00:54 Messager [INFO] TEST [GSMArena - verifyInvalidPasswordIsNotAllowed [L03]] STARTED at [09:00:54 2022-01-03]
2022-01-03 09:00:54 Messager [INFO] INFO: opening url 'https://www.gsmarena.com'
2022-01-03 09:01:06 Messager [ERROR] TEST [GSMArena - verifyInvalidPasswordIsNotAllowed [L03]] FAILED at [09:01:06 2022-01-03] - Expected condition failed: waiting for element to be clickable: [[ChromeDriver: chrome on MAC (0be81ab3b23f507e4137f683866e58b9)] -> xpath: /html/body/div[1]/div[1]/div[2]/div/div[3]/form/div/input] (tried for 2 second(s) with 500 milliseconds interval)
Build info: version: '3.141.59', revision: 'e82be7d358', time: '2018-11-14T08:17:03'
System info: host: 'MacBook-Pro-de-solvd.local', ip: 'fe80:0:0:0:18db:4a0b:e767:4575%en0', os.name: 'Mac OS X', os.arch: 'x86_64', os.version: '11.1', java.version: '11.0.12'
Driver info: org.openqa.selenium.chrome.ChromeDriver
Capabilities {acceptInsecureCerts: false, browserName: chrome, browserVersion: 96.0.4664.110, chrome: {chromedriverVersion: 96.0.4664.45 (76e4c1bb2ab46..., userDataDir: /var/folders/9k/xrbh1xhj0mz...}, goog:chromeOptions: {debuggerAddress: localhost:62340}, javascriptEnabled: true, networkConnectionEnabled: false, pageLoadStrategy: normal, platform: MAC, platformName: MAC, proxy: Proxy(), setWindowRect: true, strictFileInteractability: false, timeouts: {implicit: 0, pageLoad: 300000, script: 30000}, unhandledPromptBehavior: dismiss and notify, webauthn:extension:credBlob: true, webauthn:extension:largeBlob: true, webauthn:virtualAuthenticators: true}
Session ID: 0be81ab3b23f507e4137f683866e58b9

org.openqa.selenium.support.ui.WebDriverWait.timeoutException(WebDriverWait.java:95)
org.openqa.selenium.support.ui.FluentWait.until(FluentWait.java:272)
com.solvd.gsmarena.SignUpPage.clickSubmitButton(SignUpPage.java:93)
com.solvd.gsmarena.services.ISignUpService.signUpWithInvalidCredentials(ISignUpService.java:46)
com.solvd.gsmarena.tests.GSMArenaTests.verifyInvalidPasswordIsNotAllowed(GSMArenaTests.java:76)
java.base/jdk.internal.reflect.NativeMethodAccessorImpl.invoke0(Native Method)
java.base/jdk.internal.reflect.NativeMethodAccessorImpl.invoke(NativeMethodAccessorImpl.java:62)
java.base/jdk.internal.reflect.DelegatingMethodAccessorImpl.invoke(DelegatingMethodAccessorImpl.java:43)
java.base/java.lang.reflect.Method.invoke(Method.java:566)
org.testng.internal.MethodInvocationHelper.invokeMethod(MethodInvocationHelper.java:133)
org.testng.internal.TestInvoker.invokeMethod(TestInvoker.java:598)
org.testng.internal.TestInvoker.invokeTestMethod(TestInvoker.java:173)
org.testng.internal.MethodRunner.runInSequence(MethodRunner.java:46)
org.testng.internal.TestInvoker$MethodInvocationAgent.invoke(TestInvoker.java:824)
org.testng.internal.TestInvoker.invokeTestMethods(TestInvoker.java:146)
org.testng.internal.TestMethodWorker.invokeTestMethods(TestMethodWorker.java:146)
org.testng.internal.TestMethodWorker.run(TestMethodWorker.java:128)
java.base/java.util.ArrayList.forEach(ArrayList.java:1541)
org.testng.TestRunner.privateRun(TestRunner.java:794)
org.testng.TestRunner.run(TestRunner.java:596)
org.testng.SuiteRunner.runTest(SuiteRunner.java:377)
org.testng.SuiteRunner.runSequentially(SuiteRunner.java:371)
org.testng.SuiteRunner.privateRun(SuiteRunner.java:332)
org.testng.SuiteRunner.run(SuiteRunner.java:276)
org.testng.SuiteRunnerWorker.runSuite(SuiteRunnerWorker.java:53)
org.testng.SuiteRunnerWorker.run(SuiteRunnerWorker.java:96)
org.testng.TestNG.runSuitesSequentially(TestNG.java:1212)
org.testng.TestNG.runSuitesLocally(TestNG.java:1134)
org.testng.TestNG.runSuites(TestNG.java:1063)
org.testng.TestNG.run(TestNG.java:1031)
com.intellij.rt.testng.IDEARemoteTestNG.run(IDEARemoteTestNG.java:66)
com.intellij.rt.testng.RemoteTestNGStarter.main(RemoteTestNGStarter.java:109)
2022-01-03 09:01:06 Messager [INFO] INFO: '**************** Test execution summary ****************'.
2022-01-03 09:01:06 Messager [INFO] RESULT #1: TEST [GSMArena - verifyInvalidPasswordIsNotAllowed [L01]] FAIL [log=file:///Users/solvd/Desktop/Proyectos/GSMArena/./reports/1641211195621/53f118ed-98f7-48d5-8ec4-3bc16925858b/test.log]
2022-01-03 09:01:06 Messager [INFO] RESULT #2: TEST [GSMArena - verifyInvalidPasswordIsNotAllowed [L02]] PASS [log=file:///Users/solvd/Desktop/Proyectos/GSMArena/./reports/1641211195621/8ff282df-46b8-4918-8858-a91658ae4d70/test.log]
2022-01-03 09:01:06 Messager [INFO] RESULT #3: TEST [GSMArena - verifyInvalidPasswordIsNotAllowed [L03]] FAIL [log=file:///Users/solvd/Desktop/Proyectos/GSMArena/./reports/1641211195621/c180aa10-0f05-445a-90f5-50e6314eb8db/test.log]
2022-01-03 09:02:43 CarinaListener [INFO] 
============= Test configuration =============
url=https://www.gsmarena.com
env=DEMO
max_driver_count=3
proxy_protocols=http,https,ftp
browsermob_port=0
auto_screenshot=true
explicit_timeout=20
retry_interval=5
project_report_directory=./reports
max_screen_history=10
big_screen_width=-1
big_screen_height=-1
init_retry_count=0
init_retry_interval=1
retry_count=0
locale=en_US
thread_count=-1
data_provider_thread_count=-1
core_log_level=INFO
core_log_packages=com.qaprosoft.carina.core
log_all_json=true
date_format=HH:mm:ss yyyy-MM-dd
time_format=HH:mm:ss
test_naming_pattern={method_name}
element_loading_strategy=BY_PRESENCE_OR_VISIBILITY
page_opening_strategy=BY_URL_AND_ELEMENT
localization_encoding=UTF-8
localization_testing=false
default_device_timezone=GMT
default_device_time_format=24
default_device_language=en_US
selenium_url=

------------- Driver capabilities -----------
capabilities.browserName=CHROME
================================================

2022-01-03 09:02:43 TestRunRegistrar [WARN] Reporting disabled: using no op test run registrar
2022-01-03 09:02:44 Reflections [INFO] Reflections took 778 ms to scan 8 urls, producing 2329 keys and 11332 values 
2022-01-03 09:02:44 FilterTestsListener [INFO] There are no any rules and limitations
2022-01-03 09:02:44 CarinaListener [INFO] Set thread-count=1
2022-01-03 09:02:44 CarinaListener [INFO] Set data-provider-thread-count=1
2022-01-03 09:02:44 CarinaListener [INFO] CARINA_CORE_VERSION: 7.2.13
2022-01-03 09:02:51 TestRunRegistrar [WARN] Reporting disabled: using no op test run registrar
2022-01-03 09:02:51 TestRunRegistrar [WARN] Reporting disabled: using no op test run registrar
2022-01-03 09:02:51 TestRunRegistrar [WARN] Reporting disabled: using no op test run registrar
2022-01-03 09:02:51 Messager [INFO] TEST [GSMArena - verifyInvalidPasswordIsNotAllowed [L01]] STARTED at [09:02:51 2022-01-03]
2022-01-03 09:02:51 Messager [INFO] INFO: opening url 'https://www.gsmarena.com'
2022-01-03 09:03:08 CarinaListener [INFO] 
============= Test configuration =============
url=https://www.gsmarena.com
env=DEMO
max_driver_count=3
proxy_protocols=http,https,ftp
browsermob_port=0
auto_screenshot=true
explicit_timeout=20
retry_interval=5
project_report_directory=./reports
max_screen_history=10
big_screen_width=-1
big_screen_height=-1
init_retry_count=0
init_retry_interval=1
retry_count=0
locale=en_US
thread_count=-1
data_provider_thread_count=-1
core_log_level=INFO
core_log_packages=com.qaprosoft.carina.core
log_all_json=true
date_format=HH:mm:ss yyyy-MM-dd
time_format=HH:mm:ss
test_naming_pattern={method_name}
element_loading_strategy=BY_PRESENCE_OR_VISIBILITY
page_opening_strategy=BY_URL_AND_ELEMENT
localization_encoding=UTF-8
localization_testing=false
default_device_timezone=GMT
default_device_time_format=24
default_device_language=en_US
selenium_url=

------------- Driver capabilities -----------
capabilities.browserName=CHROME
================================================

2022-01-03 09:03:08 TestRunRegistrar [WARN] Reporting disabled: using no op test run registrar
2022-01-03 09:03:09 Reflections [INFO] Reflections took 672 ms to scan 8 urls, producing 2329 keys and 11332 values 
2022-01-03 09:03:09 FilterTestsListener [INFO] There are no any rules and limitations
2022-01-03 09:03:09 CarinaListener [INFO] Set thread-count=1
2022-01-03 09:03:09 CarinaListener [INFO] Set data-provider-thread-count=1
2022-01-03 09:03:09 CarinaListener [INFO] CARINA_CORE_VERSION: 7.2.13
2022-01-03 09:03:38 TestRunRegistrar [WARN] Reporting disabled: using no op test run registrar
2022-01-03 09:03:39 TestRunRegistrar [WARN] Reporting disabled: using no op test run registrar
2022-01-03 09:03:39 TestRunRegistrar [WARN] Reporting disabled: using no op test run registrar
2022-01-03 09:03:39 Messager [INFO] TEST [GSMArena - verifyInvalidPasswordIsNotAllowed [L01]] STARTED at [09:03:39 2022-01-03]
2022-01-03 09:03:39 Messager [INFO] INFO: opening url 'https://www.gsmarena.com'
2022-01-03 09:04:03 Messager [INFO] TEST [GSMArena - verifyInvalidPasswordIsNotAllowed [L01]] PASSED at [09:04:03 2022-01-03]
2022-01-03 09:04:03 TestRunRegistrar [WARN] Reporting disabled: using no op test run registrar
2022-01-03 09:04:03 Messager [INFO] TEST [GSMArena - verifyInvalidPasswordIsNotAllowed [L02]] STARTED at [09:04:03 2022-01-03]
2022-01-03 09:04:03 Messager [INFO] INFO: opening url 'https://www.gsmarena.com'
2022-01-03 09:04:16 Messager [INFO] TEST [GSMArena - verifyInvalidPasswordIsNotAllowed [L02]] PASSED at [09:04:16 2022-01-03]
2022-01-03 09:04:16 TestRunRegistrar [WARN] Reporting disabled: using no op test run registrar
2022-01-03 09:04:16 Messager [INFO] TEST [GSMArena - verifyInvalidPasswordIsNotAllowed [L03]] STARTED at [09:04:16 2022-01-03]
2022-01-03 09:04:16 Messager [INFO] INFO: opening url 'https://www.gsmarena.com'
2022-01-03 09:04:33 Messager [INFO] TEST [GSMArena - verifyInvalidPasswordIsNotAllowed [L03]] PASSED at [09:04:33 2022-01-03]
2022-01-03 09:04:34 Messager [INFO] INFO: '**************** Test execution summary ****************'.
2022-01-03 09:04:34 Messager [INFO] RESULT #1: TEST [GSMArena - verifyInvalidPasswordIsNotAllowed [L01]] PASS [log=file:///Users/solvd/Desktop/Proyectos/GSMArena/./reports/1641211388561/9f56484b-7573-4034-b58e-49d0a6224c4e/test.log]
2022-01-03 09:04:34 Messager [INFO] RESULT #2: TEST [GSMArena - verifyInvalidPasswordIsNotAllowed [L02]] PASS [log=file:///Users/solvd/Desktop/Proyectos/GSMArena/./reports/1641211388561/2cc181dc-ac0c-4c09-b298-bdeaa3ceb581/test.log]
2022-01-03 09:04:34 Messager [INFO] RESULT #3: TEST [GSMArena - verifyInvalidPasswordIsNotAllowed [L03]] PASS [log=file:///Users/solvd/Desktop/Proyectos/GSMArena/./reports/1641211388561/ddef4861-8260-4204-85c9-70a2b838e35a/test.log]
2022-01-03 09:05:06 CarinaListener [INFO] 
============= Test configuration =============
url=https://www.gsmarena.com
env=DEMO
max_driver_count=3
proxy_protocols=http,https,ftp
browsermob_port=0
auto_screenshot=true
explicit_timeout=20
retry_interval=5
project_report_directory=./reports
max_screen_history=10
big_screen_width=-1
big_screen_height=-1
init_retry_count=0
init_retry_interval=1
retry_count=0
locale=en_US
thread_count=-1
data_provider_thread_count=-1
core_log_level=INFO
core_log_packages=com.qaprosoft.carina.core
log_all_json=true
date_format=HH:mm:ss yyyy-MM-dd
time_format=HH:mm:ss
test_naming_pattern={method_name}
element_loading_strategy=BY_PRESENCE_OR_VISIBILITY
page_opening_strategy=BY_URL_AND_ELEMENT
localization_encoding=UTF-8
localization_testing=false
default_device_timezone=GMT
default_device_time_format=24
default_device_language=en_US
selenium_url=

------------- Driver capabilities -----------
capabilities.browserName=CHROME
================================================

2022-01-03 09:05:06 TestRunRegistrar [WARN] Reporting disabled: using no op test run registrar
2022-01-03 09:05:07 Reflections [INFO] Reflections took 945 ms to scan 8 urls, producing 2329 keys and 11332 values 
2022-01-03 09:05:07 FilterTestsListener [INFO] There are no any rules and limitations
2022-01-03 09:05:07 CarinaListener [INFO] Set thread-count=1
2022-01-03 09:05:07 CarinaListener [INFO] Set data-provider-thread-count=1
2022-01-03 09:05:07 CarinaListener [INFO] CARINA_CORE_VERSION: 7.2.13
2022-01-03 09:05:30 TestRunRegistrar [WARN] Reporting disabled: using no op test run registrar
2022-01-03 09:05:30 TestRunRegistrar [WARN] Reporting disabled: using no op test run registrar
2022-01-03 09:05:30 TestRunRegistrar [WARN] Reporting disabled: using no op test run registrar
2022-01-03 09:05:30 Messager [INFO] TEST [GSMArena - verifyInvalidNicknameIsNotAllowed [L01]] STARTED at [09:05:30 2022-01-03]
2022-01-03 09:05:30 Messager [INFO] INFO: opening url 'https://www.gsmarena.com'
2022-01-03 09:06:15 CarinaListener [INFO] 
============= Test configuration =============
url=https://www.gsmarena.com
env=DEMO
max_driver_count=3
proxy_protocols=http,https,ftp
browsermob_port=0
auto_screenshot=true
explicit_timeout=20
retry_interval=5
project_report_directory=./reports
max_screen_history=10
big_screen_width=-1
big_screen_height=-1
init_retry_count=0
init_retry_interval=1
retry_count=0
locale=en_US
thread_count=-1
data_provider_thread_count=-1
core_log_level=INFO
core_log_packages=com.qaprosoft.carina.core
log_all_json=true
date_format=HH:mm:ss yyyy-MM-dd
time_format=HH:mm:ss
test_naming_pattern={method_name}
element_loading_strategy=BY_PRESENCE_OR_VISIBILITY
page_opening_strategy=BY_URL_AND_ELEMENT
localization_encoding=UTF-8
localization_testing=false
default_device_timezone=GMT
default_device_time_format=24
default_device_language=en_US
selenium_url=

------------- Driver capabilities -----------
capabilities.browserName=CHROME
================================================

2022-01-03 09:06:15 TestRunRegistrar [WARN] Reporting disabled: using no op test run registrar
2022-01-03 09:06:16 Reflections [INFO] Reflections took 895 ms to scan 8 urls, producing 2329 keys and 11332 values 
2022-01-03 09:06:16 FilterTestsListener [INFO] There are no any rules and limitations
2022-01-03 09:06:16 CarinaListener [INFO] Set thread-count=1
2022-01-03 09:06:16 CarinaListener [INFO] Set data-provider-thread-count=1
2022-01-03 09:06:16 CarinaListener [INFO] CARINA_CORE_VERSION: 7.2.13
2022-01-03 09:06:34 TestRunRegistrar [WARN] Reporting disabled: using no op test run registrar
2022-01-03 09:06:34 TestRunRegistrar [WARN] Reporting disabled: using no op test run registrar
2022-01-03 09:06:34 TestRunRegistrar [WARN] Reporting disabled: using no op test run registrar
2022-01-03 09:06:34 Messager [INFO] TEST [GSMArena - verifyInvalidNicknameIsNotAllowed [L01]] STARTED at [09:06:34 2022-01-03]
2022-01-03 09:06:35 Messager [INFO] INFO: opening url 'https://www.gsmarena.com'
2022-01-03 09:06:50 Messager [ERROR] TEST [GSMArena - verifyInvalidNicknameIsNotAllowed [L01]] FAILED at [09:06:50 2022-01-03] - FATAL!, Not same expected [The operation failed.] but found [Your account was created.]

org.testng.Assert.fail(Assert.java:99)
org.testng.Assert.failNotEquals(Assert.java:1037)
org.testng.Assert.assertEqualsImpl(Assert.java:140)
org.testng.Assert.assertEquals(Assert.java:122)
org.testng.Assert.assertEquals(Assert.java:629)
com.solvd.gsmarena.tests.GSMArenaTests.verifyInvalidNicknameIsNotAllowed(GSMArenaTests.java:71)
java.base/jdk.internal.reflect.NativeMethodAccessorImpl.invoke0(Native Method)
java.base/jdk.internal.reflect.NativeMethodAccessorImpl.invoke(NativeMethodAccessorImpl.java:62)
java.base/jdk.internal.reflect.DelegatingMethodAccessorImpl.invoke(DelegatingMethodAccessorImpl.java:43)
java.base/java.lang.reflect.Method.invoke(Method.java:566)
org.testng.internal.MethodInvocationHelper.invokeMethod(MethodInvocationHelper.java:133)
org.testng.internal.TestInvoker.invokeMethod(TestInvoker.java:598)
org.testng.internal.TestInvoker.invokeTestMethod(TestInvoker.java:173)
org.testng.internal.MethodRunner.runInSequence(MethodRunner.java:46)
org.testng.internal.TestInvoker$MethodInvocationAgent.invoke(TestInvoker.java:824)
org.testng.internal.TestInvoker.invokeTestMethods(TestInvoker.java:146)
org.testng.internal.TestMethodWorker.invokeTestMethods(TestMethodWorker.java:146)
org.testng.internal.TestMethodWorker.run(TestMethodWorker.java:128)
java.base/java.util.ArrayList.forEach(ArrayList.java:1541)
org.testng.TestRunner.privateRun(TestRunner.java:794)
org.testng.TestRunner.run(TestRunner.java:596)
org.testng.SuiteRunner.runTest(SuiteRunner.java:377)
org.testng.SuiteRunner.runSequentially(SuiteRunner.java:371)
org.testng.SuiteRunner.privateRun(SuiteRunner.java:332)
org.testng.SuiteRunner.run(SuiteRunner.java:276)
org.testng.SuiteRunnerWorker.runSuite(SuiteRunnerWorker.java:53)
org.testng.SuiteRunnerWorker.run(SuiteRunnerWorker.java:96)
org.testng.TestNG.runSuitesSequentially(TestNG.java:1212)
org.testng.TestNG.runSuitesLocally(TestNG.java:1134)
org.testng.TestNG.runSuites(TestNG.java:1063)
org.testng.TestNG.run(TestNG.java:1031)
com.intellij.rt.testng.IDEARemoteTestNG.run(IDEARemoteTestNG.java:66)
com.intellij.rt.testng.RemoteTestNGStarter.main(RemoteTestNGStarter.java:109)
2022-01-03 09:06:50 TestRunRegistrar [WARN] Reporting disabled: using no op test run registrar
2022-01-03 09:06:50 Messager [INFO] TEST [GSMArena - verifyInvalidNicknameIsNotAllowed [L02]] STARTED at [09:06:50 2022-01-03]
2022-01-03 09:06:50 Messager [INFO] INFO: opening url 'https://www.gsmarena.com'
2022-01-03 09:06:56 Messager [ERROR] TEST [GSMArena - verifyInvalidNicknameIsNotAllowed [L02]] FAILED at [09:06:56 2022-01-03] - FATAL!, Not same expected [The operation failed.] but found [Why register]

org.testng.Assert.fail(Assert.java:99)
org.testng.Assert.failNotEquals(Assert.java:1037)
org.testng.Assert.assertEqualsImpl(Assert.java:140)
org.testng.Assert.assertEquals(Assert.java:122)
org.testng.Assert.assertEquals(Assert.java:629)
com.solvd.gsmarena.tests.GSMArenaTests.verifyInvalidNicknameIsNotAllowed(GSMArenaTests.java:71)
java.base/jdk.internal.reflect.NativeMethodAccessorImpl.invoke0(Native Method)
java.base/jdk.internal.reflect.NativeMethodAccessorImpl.invoke(NativeMethodAccessorImpl.java:62)
java.base/jdk.internal.reflect.DelegatingMethodAccessorImpl.invoke(DelegatingMethodAccessorImpl.java:43)
java.base/java.lang.reflect.Method.invoke(Method.java:566)
org.testng.internal.MethodInvocationHelper.invokeMethod(MethodInvocationHelper.java:133)
org.testng.internal.TestInvoker.invokeMethod(TestInvoker.java:598)
org.testng.internal.TestInvoker.invokeTestMethod(TestInvoker.java:173)
org.testng.internal.MethodRunner.runInSequence(MethodRunner.java:46)
org.testng.internal.TestInvoker$MethodInvocationAgent.invoke(TestInvoker.java:824)
org.testng.internal.TestInvoker.invokeTestMethods(TestInvoker.java:146)
org.testng.internal.TestMethodWorker.invokeTestMethods(TestMethodWorker.java:146)
org.testng.internal.TestMethodWorker.run(TestMethodWorker.java:128)
java.base/java.util.ArrayList.forEach(ArrayList.java:1541)
org.testng.TestRunner.privateRun(TestRunner.java:794)
org.testng.TestRunner.run(TestRunner.java:596)
org.testng.SuiteRunner.runTest(SuiteRunner.java:377)
org.testng.SuiteRunner.runSequentially(SuiteRunner.java:371)
org.testng.SuiteRunner.privateRun(SuiteRunner.java:332)
org.testng.SuiteRunner.run(SuiteRunner.java:276)
org.testng.SuiteRunnerWorker.runSuite(SuiteRunnerWorker.java:53)
org.testng.SuiteRunnerWorker.run(SuiteRunnerWorker.java:96)
org.testng.TestNG.runSuitesSequentially(TestNG.java:1212)
org.testng.TestNG.runSuitesLocally(TestNG.java:1134)
org.testng.TestNG.runSuites(TestNG.java:1063)
org.testng.TestNG.run(TestNG.java:1031)
com.intellij.rt.testng.IDEARemoteTestNG.run(IDEARemoteTestNG.java:66)
com.intellij.rt.testng.RemoteTestNGStarter.main(RemoteTestNGStarter.java:109)
2022-01-03 09:06:56 TestRunRegistrar [WARN] Reporting disabled: using no op test run registrar
2022-01-03 09:06:56 Messager [INFO] TEST [GSMArena - verifyInvalidNicknameIsNotAllowed [L03]] STARTED at [09:06:56 2022-01-03]
2022-01-03 09:06:56 Messager [INFO] INFO: opening url 'https://www.gsmarena.com'
2022-01-03 09:07:01 Messager [INFO] TEST [GSMArena - verifyInvalidNicknameIsNotAllowed [L03]] PASSED at [09:07:01 2022-01-03]
2022-01-03 09:07:02 Messager [INFO] INFO: '**************** Test execution summary ****************'.
2022-01-03 09:07:02 Messager [INFO] RESULT #1: TEST [GSMArena - verifyInvalidNicknameIsNotAllowed [L01]] FAIL [log=file:///Users/solvd/Desktop/Proyectos/GSMArena/./reports/1641211575218/70d3c5f1-09be-4de4-9a43-bf006dec3a57/test.log]
2022-01-03 09:07:02 Messager [INFO] RESULT #2: TEST [GSMArena - verifyInvalidNicknameIsNotAllowed [L02]] FAIL [log=file:///Users/solvd/Desktop/Proyectos/GSMArena/./reports/1641211575218/df6a7959-8c50-4e9e-b313-68466b1e22cb/test.log]
2022-01-03 09:07:02 Messager [INFO] RESULT #3: TEST [GSMArena - verifyInvalidNicknameIsNotAllowed [L03]] PASS [log=file:///Users/solvd/Desktop/Proyectos/GSMArena/./reports/1641211575218/451383d4-dd0b-401c-9002-bee900914924/test.log]
2022-01-03 09:10:59 CarinaListener [INFO] 
============= Test configuration =============
url=https://www.gsmarena.com
env=DEMO
max_driver_count=3
proxy_protocols=http,https,ftp
browsermob_port=0
auto_screenshot=true
explicit_timeout=20
retry_interval=5
project_report_directory=./reports
max_screen_history=10
big_screen_width=-1
big_screen_height=-1
init_retry_count=0
init_retry_interval=1
retry_count=0
locale=en_US
thread_count=-1
data_provider_thread_count=-1
core_log_level=INFO
core_log_packages=com.qaprosoft.carina.core
log_all_json=true
date_format=HH:mm:ss yyyy-MM-dd
time_format=HH:mm:ss
test_naming_pattern={method_name}
element_loading_strategy=BY_PRESENCE_OR_VISIBILITY
page_opening_strategy=BY_URL_AND_ELEMENT
localization_encoding=UTF-8
localization_testing=false
default_device_timezone=GMT
default_device_time_format=24
default_device_language=en_US
selenium_url=

------------- Driver capabilities -----------
capabilities.browserName=CHROME
================================================

2022-01-03 09:10:59 TestRunRegistrar [WARN] Reporting disabled: using no op test run registrar
2022-01-03 09:11:00 Reflections [INFO] Reflections took 773 ms to scan 8 urls, producing 2329 keys and 11332 values 
2022-01-03 09:11:00 FilterTestsListener [INFO] There are no any rules and limitations
2022-01-03 09:11:00 CarinaListener [INFO] Set thread-count=1
2022-01-03 09:11:01 CarinaListener [INFO] Set data-provider-thread-count=1
2022-01-03 09:11:01 CarinaListener [INFO] CARINA_CORE_VERSION: 7.2.13
2022-01-03 09:11:21 TestRunRegistrar [WARN] Reporting disabled: using no op test run registrar
2022-01-03 09:11:21 TestRunRegistrar [WARN] Reporting disabled: using no op test run registrar
2022-01-03 09:11:21 TestRunRegistrar [WARN] Reporting disabled: using no op test run registrar
2022-01-03 09:11:21 Messager [INFO] TEST [GSMArena - verifyInvalidNicknameIsNotAllowed [L01]] STARTED at [09:11:21 2022-01-03]
2022-01-03 09:11:21 Messager [INFO] INFO: opening url 'https://www.gsmarena.com'
2022-01-03 09:11:41 Messager [INFO] TEST [GSMArena - verifyInvalidNicknameIsNotAllowed [L01]] PASSED at [09:11:41 2022-01-03]
2022-01-03 09:11:41 TestRunRegistrar [WARN] Reporting disabled: using no op test run registrar
2022-01-03 09:11:41 Messager [INFO] TEST [GSMArena - verifyInvalidNicknameIsNotAllowed [L02]] STARTED at [09:11:41 2022-01-03]
2022-01-03 09:11:41 Messager [INFO] INFO: opening url 'https://www.gsmarena.com'
2022-01-03 09:11:59 Messager [INFO] TEST [GSMArena - verifyInvalidNicknameIsNotAllowed [L02]] PASSED at [09:11:59 2022-01-03]
2022-01-03 09:11:59 Messager [INFO] INFO: '**************** Test execution summary ****************'.
2022-01-03 09:11:59 Messager [INFO] RESULT #1: TEST [GSMArena - verifyInvalidNicknameIsNotAllowed [L01]] PASS [log=file:///Users/solvd/Desktop/Proyectos/GSMArena/./reports/1641211859768/5bc788b3-e55d-4b15-a3a7-b50bb030b8b6/test.log]
2022-01-03 09:11:59 Messager [INFO] RESULT #2: TEST [GSMArena - verifyInvalidNicknameIsNotAllowed [L02]] PASS [log=file:///Users/solvd/Desktop/Proyectos/GSMArena/./reports/1641211859768/f8e4e910-785d-4e33-b18f-624e78606c11/test.log]
