<div id='container' style='width: 98%; padding: 10px; margin: 0; background: #EBEBE0; color: #717171; font-family: Calibri;'><div id='summary'><h2 align='center' style='background-color: gray; color: white; padding: 10px; margin: 0;'>FAILED: Default Suite (temp-testng-customsuite.xml) - DEMO (Desktop CHROME)</h2><br/><h2 style='clear: both; margin: 0;'>Summary:</h2><hr/><table style='width: 1000px;'><tr><td style='width: 100px;'>Environment:</td><td>DEMO - <a href='https://www.gsmarena.com'>https://www.gsmarena.com</a></td></tr><tr><td>Version:</td><td></td></tr><tr><td>Device:</td><td>Desktop</td></tr><tr><td>Browser:</td><td>CHROME</td></tr><tr><td>Finished:</td><td>09:01:06 2022-01-03</td></tr><tr class='pass' style='color: #66C266;'><td>Passed: </td><td>1</td></tr><tr class='fail' style='color: #FF5C33;'><td>Failed:</td><td>2</td></tr><tr class='skip' style='color: #FFD700;'><td>Skipped:</td><td>0</td></tr><tr><td>Success rate:</td><td>33%</td></tr></table></div><br/><br/><div id='results'><h2 style='margin: 0;'>Test results:</h2><hr/><table cellspacing='0' cellpadding='0' style='width: 100%;'><tr><th width='10%' align='center'>Result</th><th width='75%'>Test name</th><th width='10%'>Test files</th></tr><tr><td colspan='4' class='package' style='background: gray; border-style: solid; border-width: 1px; border-color: white; padding: 5px; color: white;'>com.solvd.gsmarena.tests</td></tr><tr class='fail' style='background: #FF5C33;'><td align='center' style='border-style: solid; border-width: 1px; border-color: white; padding: 5px; color: white;'>FAILED</td><td style='border-style: solid; border-width: 1px; border-color: white; padding: 5px; color: white;'><span>GSMArena - verifyInvalidPasswordIsNotAllowed [L01]</span><div style="background:#ffcccc; color: black; padding: 5px; margin: 2px 0px 2px 0px;">Expected condition failed: waiting for element to be clickable: [[ChromeDriver: chrome on MAC (0be81ab3b23f507e4137f683866e58b9)] -&gt; xpath: /html/body/div[1]/div[1]/div[2]/div/div[3]/form/div/input] (tried for 2 second(s) with 500 milliseconds interval)<br/>Build info: version: '3.141.59', revision: 'e82be7d358', time: '2018-11-14T08:17:03'<br/>System info: host: 'MacBook-Pro-de-solvd.local', ip: 'fe80:0:0:0:18db:4a0b:e767:4575%en0', os.name: 'Mac OS X', os.arch: 'x86_64', os.version: '11.1', java.version: '11.0.12'<br/>Driver info: org.openqa.selenium.chrome.ChromeDriver<br/>Capabilities {acceptInsecureCerts: false, browserName: chrome, browserVersion: 96.0.4664.110, chrome: {chromedriverVersion: 96.0.4664.45 (76e4c1bb2ab46..., userDataDir: /var/folders/9k/xrbh1xhj0mz...}, goog:chromeOptions: {debuggerAddress: localhost:62340}, javascriptEnabled: true, networkConnectionEnabled: false, pageLoadStrategy: normal, platform: MAC, platformName: MAC, proxy: Proxy(), setWindowRect: true, strictFileInteractability: false, timeouts: {implicit: 0, pageLoad: 300000, script: 30000}, unhandledPromptBehavior: dismiss and notify, webauthn:extension:credBlob: true, webauthn:extension:largeBlob: true, webauthn:virtualAuthenticators: true}<br/>Session ID: 0be81ab3b23f507e4137f683866e58b9<br/><br/>org.openqa.selenium.support.ui.WebDriverWait.timeoutException(WebDriverWait.java:95)<br/>org.openqa.selenium.support.ui.FluentWait.until(FluentWait.java:272)<br/>com.solvd.gsmarena.SignUpPage.clickSubmitButton(SignUpPage.java:93)<br/>com.solvd.gsmarena.services.ISignUpService.signUpWithInvalidCredentials(ISignUpService.java:46)<br/>com.solvd.gsmarena.tests.GSMArenaTests.verifyInvalidPasswordIsNotAllowed(GSMArenaTests.java:76)<br/>java.base/jdk.internal.reflect.NativeMethodAccessorImpl.invoke0(Native Method)<br/>java.base/jdk.internal.reflect.NativeMethodAccessorImpl.invoke(NativeMethodAccessorImpl.java:62)<br/>java.base/jdk.internal.reflect.DelegatingMethodAccessorImpl.invoke(DelegatingMethodAccessorImpl.java:43)<br/>java.base/java.lang.reflect.Method.invoke(Method.java:566)<br/>org.testng.internal.Me...</div></td><td align='center' style='border-style: solid; border-width: 1px; border-color: white; padding: 5px; color: white;'><a target='_blank' href='file:///Users/solvd/Desktop/Proyectos/GSMArena/./reports/1641211195621/53f118ed-98f7-48d5-8ec4-3bc16925858b/test.log' style='color: white;'>Logs</a></td></tr><tr class='pass' style='background: #66C266;'><td align='center' style='border-style: solid; border-width: 1px; border-color: white; padding: 5px; color: white;'>PASSED</td><td style='border-style: solid; border-width: 1px; border-color: white; padding: 5px; color: white;'>GSMArena - verifyInvalidPasswordIsNotAllowed [L02]</td><td align='center' style='border-style: solid; border-width: 1px; border-color: white; padding: 5px; color: white;'><a target='_blank' href='file:///Users/solvd/Desktop/Proyectos/GSMArena/./reports/1641211195621/8ff282df-46b8-4918-8858-a91658ae4d70/test.log' style='color: white;'>Logs</a></td></tr><tr class='fail' style='background: #FF5C33;'><td align='center' style='border-style: solid; border-width: 1px; border-color: white; padding: 5px; color: white;'>FAILED</td><td style='border-style: solid; border-width: 1px; border-color: white; padding: 5px; color: white;'><span>GSMArena - verifyInvalidPasswordIsNotAllowed [L03]</span><div style="background:#ffcccc; color: black; padding: 5px; margin: 2px 0px 2px 0px;">Expected condition failed: waiting for element to be clickable: [[ChromeDriver: chrome on MAC (0be81ab3b23f507e4137f683866e58b9)] -&gt; xpath: /html/body/div[1]/div[1]/div[2]/div/div[3]/form/div/input] (tried for 2 second(s) with 500 milliseconds interval)<br/>Build info: version: '3.141.59', revision: 'e82be7d358', time: '2018-11-14T08:17:03'<br/>System info: host: 'MacBook-Pro-de-solvd.local', ip: 'fe80:0:0:0:18db:4a0b:e767:4575%en0', os.name: 'Mac OS X', os.arch: 'x86_64', os.version: '11.1', java.version: '11.0.12'<br/>Driver info: org.openqa.selenium.chrome.ChromeDriver<br/>Capabilities {acceptInsecureCerts: false, browserName: chrome, browserVersion: 96.0.4664.110, chrome: {chromedriverVersion: 96.0.4664.45 (76e4c1bb2ab46..., userDataDir: /var/folders/9k/xrbh1xhj0mz...}, goog:chromeOptions: {debuggerAddress: localhost:62340}, javascriptEnabled: true, networkConnectionEnabled: false, pageLoadStrategy: normal, platform: MAC, platformName: MAC, proxy: Proxy(), setWindowRect: true, strictFileInteractability: false, timeouts: {implicit: 0, pageLoad: 300000, script: 30000}, unhandledPromptBehavior: dismiss and notify, webauthn:extension:credBlob: true, webauthn:extension:largeBlob: true, webauthn:virtualAuthenticators: true}<br/>Session ID: 0be81ab3b23f507e4137f683866e58b9<br/><br/>org.openqa.selenium.support.ui.WebDriverWait.timeoutException(WebDriverWait.java:95)<br/>org.openqa.selenium.support.ui.FluentWait.until(FluentWait.java:272)<br/>com.solvd.gsmarena.SignUpPage.clickSubmitButton(SignUpPage.java:93)<br/>com.solvd.gsmarena.services.ISignUpService.signUpWithInvalidCredentials(ISignUpService.java:46)<br/>com.solvd.gsmarena.tests.GSMArenaTests.verifyInvalidPasswordIsNotAllowed(GSMArenaTests.java:76)<br/>java.base/jdk.internal.reflect.NativeMethodAccessorImpl.invoke0(Native Method)<br/>java.base/jdk.internal.reflect.NativeMethodAccessorImpl.invoke(NativeMethodAccessorImpl.java:62)<br/>java.base/jdk.internal.reflect.DelegatingMethodAccessorImpl.invoke(DelegatingMethodAccessorImpl.java:43)<br/>java.base/java.lang.reflect.Method.invoke(Method.java:566)<br/>org.testng.internal.Me...</div></td><td align='center' style='border-style: solid; border-width: 1px; border-color: white; padding: 5px; color: white;'><a target='_blank' href='file:///Users/solvd/Desktop/Proyectos/GSMArena/./reports/1641211195621/c180aa10-0f05-445a-90f5-50e6314eb8db/test.log' style='color: white;'>Logs</a></td></tr></table></div></div>