[2022-01-03 12:03:12] [TestRunRegistrar.java] [1] [WARN] Reporting disabled: using no op test run registrar
[2022-01-03 12:03:12] [IMessager.java] [1] [INFO] TEST [GSMArena - verifyQuickSearchWorkFlow [L02]] STARTED at [12:03:12 2022-01-03]
[2022-01-03 12:03:42] [ExtendedWebElement.java] [1] [ERROR] FAIL: get_text - waitCondition for element 'productName (By.xpath: /html/body/div[1]/div[1]/div[2]/div/div[1]/div/div[1]/h1)' not satisfied!
[2022-01-03 12:03:51] [IMessager.java] [1] [ERROR] TEST [GSMArena - verifyQuickSearchWorkFlow [L02]] FAILED at [12:03:51 2022-01-03] - Unable to detect element: productName (By.xpath: /html/body/div[1]/div[1]/div[2]/div/div[1]/div/div[1]/h1)

com.qaprosoft.carina.core.foundation.webdriver.decorator.ExtendedWebElement.doAction(ExtendedWebElement.java:1416)
com.qaprosoft.carina.core.foundation.webdriver.decorator.ExtendedWebElement.doAction(ExtendedWebElement.java:1363)
com.qaprosoft.carina.core.foundation.webdriver.decorator.ExtendedWebElement.getText(ExtendedWebElement.java:462)
com.solvd.gsmarena.HomePage.getProductName(HomePage.java:135)
com.solvd.gsmarena.tests.GSMArenaTests.verifyQuickSearchWorkFlow(GSMArenaTests.java:149)
java.base/jdk.internal.reflect.NativeMethodAccessorImpl.invoke0(Native Method)
java.base/jdk.internal.reflect.NativeMethodAccessorImpl.invoke(NativeMethodAccessorImpl.java:62)
java.base/jdk.internal.reflect.DelegatingMethodAccessorImpl.invoke(DelegatingMethodAccessorImpl.java:43)
java.base/java.lang.reflect.Method.invoke(Method.java:566)
org.testng.internal.MethodInvocationHelper.invokeMethod(MethodInvocationHelper.java:133)
org.testng.internal.TestInvoker.invokeMethod(TestInvoker.java:598)
org.testng.internal.TestInvoker.invokeTestMethod(TestInvoker.java:173)
org.testng.internal.MethodRunner.runInSequence(MethodRunner.java:46)
org.testng.internal.TestInvoker$MethodInvocationAgent.invoke(TestInvoker.java:824)
org.testng.internal.TestInvoker.invokeTestMethods(TestInvoker.java:146)
org.testng.internal.TestMethodWorker.invokeTestMethods(TestMethodWorker.java:146)
org.testng.internal.TestMethodWorker.run(TestMethodWorker.java:128)
java.base/java.util.ArrayList.forEach(ArrayList.java:1541)
org.testng.TestRunner.privateRun(TestRunner.java:794)
org.testng.TestRunner.run(TestRunner.java:596)
org.testng.SuiteRunner.runTest(SuiteRunner.java:377)
org.testng.SuiteRunner.runSequentially(SuiteRunner.java:371)
org.testng.SuiteRunner.privateRun(SuiteRunner.java:332)
org.testng.SuiteRunner.run(SuiteRunner.java:276)
org.testng.SuiteRunnerWorker.runSuite(SuiteRunnerWorker.java:53)
org.testng.SuiteRunnerWorker.run(SuiteRunnerWorker.java:96)
org.testng.TestNG.runSuitesSequentially(TestNG.java:1212)
org.testng.TestNG.runSuitesLocally(TestNG.java:1134)
org.testng.TestNG.runSuites(TestNG.java:1063)
org.testng.TestNG.run(TestNG.java:1031)
com.intellij.rt.testng.IDEARemoteTestNG.run(IDEARemoteTestNG.java:66)
com.intellij.rt.testng.RemoteTestNGStarter.main(RemoteTestNGStarter.java:109)
