[2022-01-02 08:53:37] [CarinaListener.java] [1] [INFO] 
============= Test configuration =============
url=https://www.gsmarena.com
env=DEMO
max_driver_count=3
proxy_protocols=http,https,ftp
browsermob_port=0
auto_screenshot=true
explicit_timeout=20
retry_interval=5
project_report_directory=./reports
max_screen_history=10
big_screen_width=-1
big_screen_height=-1
init_retry_count=0
init_retry_interval=1
retry_count=0
locale=en_US
thread_count=-1
data_provider_thread_count=-1
core_log_level=INFO
core_log_packages=com.qaprosoft.carina.core
log_all_json=true
date_format=HH:mm:ss yyyy-MM-dd
time_format=HH:mm:ss
test_naming_pattern={method_name}
element_loading_strategy=BY_PRESENCE_OR_VISIBILITY
page_opening_strategy=BY_URL_AND_ELEMENT
localization_encoding=UTF-8
localization_testing=false
default_device_timezone=GMT
default_device_time_format=24
default_device_language=en_US
selenium_url=

------------- Driver capabilities -----------
capabilities.browserName=CHROME
================================================

[2022-01-02 08:53:37] [TestRunRegistrar.java] [1] [WARN] Reporting disabled: using no op test run registrar
[2022-01-02 08:53:38] [Reflections.java] [1] [INFO] Reflections took 962 ms to scan 8 urls, producing 2329 keys and 11332 values 
[2022-01-02 08:53:38] [FilterTestsListener.java] [1] [INFO] There are no any rules and limitations
[2022-01-02 08:53:38] [CarinaListener.java] [1] [INFO] Set thread-count=1
[2022-01-02 08:53:38] [CarinaListener.java] [1] [INFO] Set data-provider-thread-count=1
[2022-01-02 08:53:38] [CarinaListener.java] [1] [INFO] CARINA_CORE_VERSION: 7.2.13
[2022-01-02 08:53:58] [TestRunRegistrar.java] [1] [WARN] Reporting disabled: using no op test run registrar
[2022-01-02 08:53:58] [TestRunRegistrar.java] [1] [WARN] Reporting disabled: using no op test run registrar
[2022-01-02 08:53:58] [TestRunRegistrar.java] [1] [WARN] Reporting disabled: using no op test run registrar
[2022-01-02 08:53:58] [IMessager.java] [1] [INFO] TEST [GSMArena - verifyInvalidEmailsNotAllowed [L01]] STARTED at [20:53:58 2022-01-02]
[2022-01-02 08:54:18] [IMessager.java] [1] [ERROR] TEST [GSMArena - verifyInvalidEmailsNotAllowed [L01]] FAILED at [20:54:18 2022-01-02] - Expected condition failed: waiting for element to be clickable: By.xpath: "//*[@id=\"email\"]" (tried for 5 second(s) with 500 milliseconds interval)

org.openqa.selenium.support.ui.WebDriverWait.timeoutException(WebDriverWait.java:95)
org.openqa.selenium.support.ui.FluentWait.until(FluentWait.java:272)
com.solvd.gsmarena.SignUpPage.setEmailField(SignUpPage.java:58)
com.solvd.gsmarena.services.ISignUpService.signUpWithInvalidEmail(ISignUpService.java:30)
com.solvd.gsmarena.tests.GSMArenaTests.verifyInvalidEmailsNotAllowed(GSMArenaTests.java:46)
java.base/jdk.internal.reflect.NativeMethodAccessorImpl.invoke0(Native Method)
java.base/jdk.internal.reflect.NativeMethodAccessorImpl.invoke(NativeMethodAccessorImpl.java:62)
java.base/jdk.internal.reflect.DelegatingMethodAccessorImpl.invoke(DelegatingMethodAccessorImpl.java:43)
java.base/java.lang.reflect.Method.invoke(Method.java:566)
org.testng.internal.MethodInvocationHelper.invokeMethod(MethodInvocationHelper.java:133)
org.testng.internal.TestInvoker.invokeMethod(TestInvoker.java:598)
org.testng.internal.TestInvoker.invokeTestMethod(TestInvoker.java:173)
org.testng.internal.MethodRunner.runInSequence(MethodRunner.java:46)
org.testng.internal.TestInvoker$MethodInvocationAgent.invoke(TestInvoker.java:824)
org.testng.internal.TestInvoker.invokeTestMethods(TestInvoker.java:146)
org.testng.internal.TestMethodWorker.invokeTestMethods(TestMethodWorker.java:146)
org.testng.internal.TestMethodWorker.run(TestMethodWorker.java:128)
java.base/java.util.ArrayList.forEach(ArrayList.java:1541)
org.testng.TestRunner.privateRun(TestRunner.java:794)
org.testng.TestRunner.run(TestRunner.java:596)
org.testng.SuiteRunner.runTest(SuiteRunner.java:377)
org.testng.SuiteRunner.runSequentially(SuiteRunner.java:371)
org.testng.SuiteRunner.privateRun(SuiteRunner.java:332)
org.testng.SuiteRunner.run(SuiteRunner.java:276)
org.testng.SuiteRunnerWorker.runSuite(SuiteRunnerWorker.java:53)
org.testng.SuiteRunnerWorker.run(SuiteRunnerWorker.java:96)
org.testng.TestNG.runSuitesSequentially(TestNG.java:1212)
org.testng.TestNG.runSuitesLocally(TestNG.java:1134)
org.testng.TestNG.runSuites(TestNG.java:1063)
org.testng.TestNG.run(TestNG.java:1031)
com.intellij.rt.testng.IDEARemoteTestNG.run(IDEARemoteTestNG.java:66)
com.intellij.rt.testng.RemoteTestNGStarter.main(RemoteTestNGStarter.java:109)
